#
# There is insufficient memory for the Java Runtime Environment to continue.
# Native memory allocation (malloc) failed to allocate 2313008 bytes for Chunk::new
# Possible reasons:
#   The system is out of physical RAM or swap space
#   The process is running with CompressedOops enabled, and the Java Heap may be blocking the growth of the native heap
# Possible solutions:
#   Reduce memory load on the system
#   Increase physical memory or swap space
#   Check if swap backing store is full
#   Decrease Java heap size (-Xmx/-Xms)
#   Decrease number of Java threads
#   Decrease Java thread stack sizes (-Xss)
#   Set larger code cache with -XX:ReservedCodeCacheSize=
#   JVM is running with Unscaled Compressed Oops mode in which the Java heap is
#     placed in the first 4GB address space. The Java Heap base address is the
#     maximum limit for the native heap growth. Please use -XX:HeapBaseMinAddress
#     to set the Java Heap base and to place the Java Heap above 4GB virtual address.
# This output file may be truncated or incomplete.
#
#  Out of Memory Error (arena.cpp:189), pid=9372, tid=10856
#
# JRE version: OpenJDK Runtime Environment Temurin-17.0.4.1+1 (17.0.4.1+1) (build 17.0.4.1+1)
# Java VM: OpenJDK 64-Bit Server VM Temurin-17.0.4.1+1 (17.0.4.1+1, mixed mode, tiered, compressed oops, compressed class ptrs, g1 gc, windows-amd64)
# No core dump will be written. Minidumps are not enabled by default on client versions of Windows
#

---------------  S U M M A R Y ------------

Command Line: -ea -Dfile.encoding=UTF-8 -XX:+ShowCodeDetailsInExceptionMessages -Xmx512M org.eclipse.jdt.internal.junit.runner.RemoteTestRunner -version 3 -port 8343 -testLoaderClass org.eclipse.jdt.internal.junit5.runner.JUnit5TestLoader -loaderpluginname org.eclipse.jdt.junit5.runtime -classNames com.mario.gtest.service.BookReviewServiceImplTest

Host: Intel(R) Core(TM) i5-8265U CPU @ 1.60GHz, 8 cores, 7G,  Windows 10 , 64 bit Build 19041 (10.0.19041.1889)
Time: Tue Nov 15 16:41:07 2022 India Standard Time elapsed time: 7.160667 seconds (0d 0h 0m 7s)

---------------  T H R E A D  ---------------

Current thread (0x00000285359d1480):  JavaThread "C2 CompilerThread2" daemon [_thread_in_native, id=10856, stack(0x000000b371b00000,0x000000b371c00000)]


Current CompileTask:
C2:   7160 4958   !   4       org.springframework.util.ClassUtils::getMostSpecificMethod (72 bytes)

Stack: [0x000000b371b00000,0x000000b371c00000]
Native frames: (J=compiled Java code, j=interpreted, Vv=VM code, C=native code)
V  [jvm.dll+0x67731a]
V  [jvm.dll+0x832284]
V  [jvm.dll+0x833a2e]
V  [jvm.dll+0x834093]
V  [jvm.dll+0x245775]
V  [jvm.dll+0xabd7b]
V  [jvm.dll+0xac30c]
V  [jvm.dll+0x363a97]
V  [jvm.dll+0x32e011]
V  [jvm.dll+0x32d4ba]
V  [jvm.dll+0x218681]
V  [jvm.dll+0x217aa1]
V  [jvm.dll+0x1a3f8d]
V  [jvm.dll+0x227498]
V  [jvm.dll+0x2255e5]
V  [jvm.dll+0x7e7e9b]
V  [jvm.dll+0x7e240a]
V  [jvm.dll+0x6761a5]
C  [ucrtbase.dll+0x21bb2]
C  [KERNEL32.DLL+0x17034]
C  [ntdll.dll+0x526a1]


---------------  P R O C E S S  ---------------

Threads class SMR info:
_java_thread_list=0x00000285365c0420, length=17, elements={
0x000002851d939e90, 0x0000028534069280, 0x000002853406c100, 0x000002853403c2e0,
0x0000028534096630, 0x0000028534098ff0, 0x000002853407f4c0, 0x0000028534081990,
0x0000028534c09550, 0x0000028534c1c830, 0x0000028534d790e0, 0x0000028534d8d680,
0x0000028535561b40, 0x00000285359d28c0, 0x00000285362ee1c0, 0x00000285362eeb60,
0x00000285359d1480
}

Java Threads: ( => current thread )
  0x000002851d939e90 JavaThread "main" [_thread_in_vm, id=15052, stack(0x000000b36fb00000,0x000000b36fc00000)]
  0x0000028534069280 JavaThread "Reference Handler" daemon [_thread_blocked, id=10024, stack(0x000000b370200000,0x000000b370300000)]
  0x000002853406c100 JavaThread "Finalizer" daemon [_thread_blocked, id=12164, stack(0x000000b370300000,0x000000b370400000)]
  0x000002853403c2e0 JavaThread "Signal Dispatcher" daemon [_thread_blocked, id=12764, stack(0x000000b370400000,0x000000b370500000)]
  0x0000028534096630 JavaThread "Attach Listener" daemon [_thread_blocked, id=5376, stack(0x000000b370500000,0x000000b370600000)]
  0x0000028534098ff0 JavaThread "Service Thread" daemon [_thread_blocked, id=14172, stack(0x000000b370600000,0x000000b370700000)]
  0x000002853407f4c0 JavaThread "Monitor Deflation Thread" daemon [_thread_blocked, id=13996, stack(0x000000b370700000,0x000000b370800000)]
  0x0000028534081990 JavaThread "C2 CompilerThread0" daemon [_thread_blocked, id=1080, stack(0x000000b370800000,0x000000b370900000)]
  0x0000028534c09550 JavaThread "C1 CompilerThread0" daemon [_thread_blocked, id=564, stack(0x000000b370900000,0x000000b370a00000)]
  0x0000028534c1c830 JavaThread "Sweeper thread" daemon [_thread_blocked, id=13044, stack(0x000000b370a00000,0x000000b370b00000)]
  0x0000028534d790e0 JavaThread "Notification Thread" daemon [_thread_blocked, id=10708, stack(0x000000b370b00000,0x000000b370c00000)]
  0x0000028534d8d680 JavaThread "Common-Cleaner" daemon [_thread_blocked, id=7800, stack(0x000000b370d00000,0x000000b370e00000)]
  0x0000028535561b40 JavaThread "ReaderThread" [_thread_in_native, id=4528, stack(0x000000b370f00000,0x000000b371000000)]
  0x00000285359d28c0 JavaThread "C2 CompilerThread1" daemon [_thread_in_native, id=9856, stack(0x000000b370e00000,0x000000b370f00000)]
  0x00000285362ee1c0 JavaThread "HikariPool-1 housekeeper" daemon [_thread_blocked, id=12100, stack(0x000000b371600000,0x000000b371700000)]
  0x00000285362eeb60 JavaThread "HikariPool-1 connection adder" daemon [_thread_blocked, id=1448, stack(0x000000b371a00000,0x000000b371b00000)]
=>0x00000285359d1480 JavaThread "C2 CompilerThread2" daemon [_thread_in_native, id=10856, stack(0x000000b371b00000,0x000000b371c00000)]

Other Threads:
  0x0000028533ff0900 VMThread "VM Thread" [stack: 0x000000b370100000,0x000000b370200000] [id=6352]
  0x0000028534d7b5c0 WatcherThread [stack: 0x000000b370c00000,0x000000b370d00000] [id=13360]
  0x000002851d9675a0 GCTaskThread "GC Thread#0" [stack: 0x000000b36fc00000,0x000000b36fd00000] [id=13980]
  0x000002853593fca0 GCTaskThread "GC Thread#1" [stack: 0x000000b371000000,0x000000b371100000] [id=15084]
  0x0000028535b42c40 GCTaskThread "GC Thread#2" [stack: 0x000000b371100000,0x000000b371200000] [id=13728]
  0x0000028535b42ef0 GCTaskThread "GC Thread#3" [stack: 0x000000b371200000,0x000000b371300000] [id=10220]
  0x000002853561fb30 GCTaskThread "GC Thread#4" [stack: 0x000000b371300000,0x000000b371400000] [id=10580]
  0x0000028535831a90 GCTaskThread "GC Thread#5" [stack: 0x000000b371400000,0x000000b371500000] [id=9136]
  0x00000285370fabb0 GCTaskThread "GC Thread#6" [stack: 0x000000b371700000,0x000000b371800000] [id=2468]
  0x00000285370f9e40 GCTaskThread "GC Thread#7" [stack: 0x000000b371800000,0x000000b371900000] [id=1688]
  0x000002851d96eca0 ConcurrentGCThread "G1 Main Marker" [stack: 0x000000b36fd00000,0x000000b36fe00000] [id=15240]
  0x000002851d96f6b0 ConcurrentGCThread "G1 Conc#0" [stack: 0x000000b36fe00000,0x000000b36ff00000] [id=1212]
  0x00000285370fa0f0 ConcurrentGCThread "G1 Conc#1" [stack: 0x000000b371900000,0x000000b371a00000] [id=10548]
  0x000002851d9fb030 ConcurrentGCThread "G1 Refine#0" [stack: 0x000000b36ff00000,0x000000b370000000] [id=9720]
  0x000002851d9fba50 ConcurrentGCThread "G1 Service" [stack: 0x000000b370000000,0x000000b370100000] [id=7536]

Threads with active compile tasks:
C2 CompilerThread1     7180 5094       4       java.lang.invoke.MethodType::makeImpl (109 bytes)
C2 CompilerThread2     7180 4958   !   4       org.springframework.util.ClassUtils::getMostSpecificMethod (72 bytes)

VM state: not at safepoint (normal execution)

VM Mutex/Monitor currently owned by a thread: None

Heap address: 0x00000000e0000000, size: 512 MB, Compressed Oops mode: 32-bit

CDS archive(s) not mapped
Compressed class space mapped at: 0x0000000100000000-0x0000000140000000, reserved size: 1073741824
Narrow klass base: 0x0000000000000000, Narrow klass shift: 3, Narrow klass range: 0x140000000

GC Precious Log:
 CPUs: 8 total, 8 available
 Memory: 8072M
 Large Page Support: Disabled
 NUMA Support: Disabled
 Compressed Oops: Enabled (32-bit)
 Heap Region Size: 1M
 Heap Min Capacity: 8M
 Heap Initial Capacity: 128M
 Heap Max Capacity: 512M
 Pre-touch: Disabled
 Parallel Workers: 8
 Concurrent Workers: 2
 Concurrent Refinement Workers: 8
 Periodic GC: Disabled

Heap:
 garbage-first heap   total 53248K, used 37290K [0x00000000e0000000, 0x0000000100000000)
  region size 1024K, 12 young (12288K), 2 survivors (2048K)
 Metaspace       used 62185K, committed 62528K, reserved 1105920K
  class space    used 8164K, committed 8320K, reserved 1048576K

Heap Regions: E=young(eden), S=young(survivor), O=old, HS=humongous(starts), HC=humongous(continues), CS=collection set, F=free, OA=open archive, CA=closed archive, TAMS=top-at-mark-start (previous, next)
|   0|0x00000000e0000000, 0x00000000e0100000, 0x00000000e0100000|100%|HS|  |TAMS 0x00000000e0100000, 0x00000000e0000000| Complete 
|   1|0x00000000e0100000, 0x00000000e0200000, 0x00000000e0200000|100%| O|  |TAMS 0x00000000e0200000, 0x00000000e0100000| Untracked 
|   2|0x00000000e0200000, 0x00000000e0300000, 0x00000000e0300000|100%| O|  |TAMS 0x00000000e0300000, 0x00000000e0200000| Untracked 
|   3|0x00000000e0300000, 0x00000000e0400000, 0x00000000e0400000|100%| O|  |TAMS 0x00000000e0400000, 0x00000000e0300000| Untracked 
|   4|0x00000000e0400000, 0x00000000e0500000, 0x00000000e0500000|100%| O|  |TAMS 0x00000000e0500000, 0x00000000e0400000| Untracked 
|   5|0x00000000e0500000, 0x00000000e0600000, 0x00000000e0600000|100%| O|  |TAMS 0x00000000e0600000, 0x00000000e0500000| Untracked 
|   6|0x00000000e0600000, 0x00000000e06f0000, 0x00000000e0700000| 93%| O|  |TAMS 0x00000000e06f0000, 0x00000000e0600000| Untracked 
|   7|0x00000000e0700000, 0x00000000e0800000, 0x00000000e0800000|100%| O|  |TAMS 0x00000000e0800000, 0x00000000e0700000| Untracked 
|   8|0x00000000e0800000, 0x00000000e0900000, 0x00000000e0900000|100%| O|  |TAMS 0x00000000e0900000, 0x00000000e0800000| Untracked 
|   9|0x00000000e0900000, 0x00000000e0a00000, 0x00000000e0a00000|100%| O|  |TAMS 0x00000000e0a00000, 0x00000000e0900000| Untracked 
|  10|0x00000000e0a00000, 0x00000000e0b00000, 0x00000000e0b00000|100%| O|  |TAMS 0x00000000e0b00000, 0x00000000e0a00000| Untracked 
|  11|0x00000000e0b00000, 0x00000000e0c00000, 0x00000000e0c00000|100%| O|  |TAMS 0x00000000e0c00000, 0x00000000e0b00000| Untracked 
|  12|0x00000000e0c00000, 0x00000000e0d00000, 0x00000000e0d00000|100%| O|  |TAMS 0x00000000e0d00000, 0x00000000e0c00000| Untracked 
|  13|0x00000000e0d00000, 0x00000000e0e00000, 0x00000000e0e00000|100%| O|  |TAMS 0x00000000e0e00000, 0x00000000e0d00000| Untracked 
|  14|0x00000000e0e00000, 0x00000000e0f00000, 0x00000000e0f00000|100%| O|  |TAMS 0x00000000e0f00000, 0x00000000e0e00000| Untracked 
|  15|0x00000000e0f00000, 0x00000000e1000000, 0x00000000e1000000|100%| O|  |TAMS 0x00000000e1000000, 0x00000000e0f00000| Untracked 
|  16|0x00000000e1000000, 0x00000000e1100000, 0x00000000e1100000|100%| O|  |TAMS 0x00000000e1100000, 0x00000000e1000000| Untracked 
|  17|0x00000000e1100000, 0x00000000e1200000, 0x00000000e1200000|100%| O|  |TAMS 0x00000000e1200000, 0x00000000e1100000| Untracked 
|  18|0x00000000e1200000, 0x00000000e1300000, 0x00000000e1300000|100%| O|  |TAMS 0x00000000e1300000, 0x00000000e1200000| Untracked 
|  19|0x00000000e1300000, 0x00000000e1400000, 0x00000000e1400000|100%| O|  |TAMS 0x00000000e1400000, 0x00000000e1300000| Untracked 
|  20|0x00000000e1400000, 0x00000000e1500000, 0x00000000e1500000|100%| O|  |TAMS 0x00000000e1500000, 0x00000000e1400000| Untracked 
|  21|0x00000000e1500000, 0x00000000e1600000, 0x00000000e1600000|100%| O|  |TAMS 0x00000000e1600000, 0x00000000e1500000| Untracked 
|  22|0x00000000e1600000, 0x00000000e1700000, 0x00000000e1700000|100%| O|  |TAMS 0x00000000e1700000, 0x00000000e1600000| Untracked 
|  23|0x00000000e1700000, 0x00000000e1800000, 0x00000000e1800000|100%| O|  |TAMS 0x00000000e1800000, 0x00000000e1700000| Untracked 
|  24|0x00000000e1800000, 0x00000000e1900000, 0x00000000e1900000|100%| O|  |TAMS 0x00000000e1900000, 0x00000000e1800000| Untracked 
|  25|0x00000000e1900000, 0x00000000e1a00000, 0x00000000e1a00000|100%| O|  |TAMS 0x00000000e1958200, 0x00000000e1900000| Untracked 
|  26|0x00000000e1a00000, 0x00000000e1a7aa00, 0x00000000e1b00000| 47%| O|  |TAMS 0x00000000e1a00000, 0x00000000e1a00000| Untracked 
|  27|0x00000000e1b00000, 0x00000000e1b00000, 0x00000000e1c00000|  0%| F|  |TAMS 0x00000000e1b00000, 0x00000000e1b00000| Untracked 
|  28|0x00000000e1c00000, 0x00000000e1c00000, 0x00000000e1d00000|  0%| F|  |TAMS 0x00000000e1c00000, 0x00000000e1c00000| Untracked 
|  29|0x00000000e1d00000, 0x00000000e1d00000, 0x00000000e1e00000|  0%| F|  |TAMS 0x00000000e1d00000, 0x00000000e1d00000| Untracked 
|  30|0x00000000e1e00000, 0x00000000e1e00000, 0x00000000e1f00000|  0%| F|  |TAMS 0x00000000e1e00000, 0x00000000e1e00000| Untracked 
|  31|0x00000000e1f00000, 0x00000000e1f00000, 0x00000000e2000000|  0%| F|  |TAMS 0x00000000e1f00000, 0x00000000e1f00000| Untracked 
|  32|0x00000000e2000000, 0x00000000e2000000, 0x00000000e2100000|  0%| F|  |TAMS 0x00000000e2000000, 0x00000000e2000000| Untracked 
|  33|0x00000000e2100000, 0x00000000e2200000, 0x00000000e2200000|100%| S|CS|TAMS 0x00000000e2100000, 0x00000000e2100000| Complete 
|  34|0x00000000e2200000, 0x00000000e2300000, 0x00000000e2300000|100%| S|CS|TAMS 0x00000000e2200000, 0x00000000e2200000| Complete 
|  35|0x00000000e2300000, 0x00000000e2300000, 0x00000000e2400000|  0%| F|  |TAMS 0x00000000e2300000, 0x00000000e2300000| Untracked 
|  36|0x00000000e2400000, 0x00000000e2400000, 0x00000000e2500000|  0%| F|  |TAMS 0x00000000e2400000, 0x00000000e2400000| Untracked 
|  37|0x00000000e2500000, 0x00000000e2500000, 0x00000000e2600000|  0%| F|  |TAMS 0x00000000e2500000, 0x00000000e2500000| Untracked 
|  38|0x00000000e2600000, 0x00000000e2600000, 0x00000000e2700000|  0%| F|  |TAMS 0x00000000e2600000, 0x00000000e2600000| Untracked 
|  39|0x00000000e2700000, 0x00000000e2700000, 0x00000000e2800000|  0%| F|  |TAMS 0x00000000e2700000, 0x00000000e2700000| Untracked 
|  40|0x00000000e2800000, 0x00000000e2800000, 0x00000000e2900000|  0%| F|  |TAMS 0x00000000e2800000, 0x00000000e2800000| Untracked 
|  41|0x00000000e2900000, 0x00000000e2900000, 0x00000000e2a00000|  0%| F|  |TAMS 0x00000000e2900000, 0x00000000e2900000| Untracked 
|  42|0x00000000e2a00000, 0x00000000e2afbb38, 0x00000000e2b00000| 98%| E|  |TAMS 0x00000000e2a00000, 0x00000000e2a00000| Complete 
|  43|0x00000000e2b00000, 0x00000000e2c00000, 0x00000000e2c00000|100%| E|CS|TAMS 0x00000000e2b00000, 0x00000000e2b00000| Complete 
|  44|0x00000000e2c00000, 0x00000000e2d00000, 0x00000000e2d00000|100%| E|CS|TAMS 0x00000000e2c00000, 0x00000000e2c00000| Complete 
|  45|0x00000000e2d00000, 0x00000000e2e00000, 0x00000000e2e00000|100%| E|  |TAMS 0x00000000e2d00000, 0x00000000e2d00000| Complete 
|  46|0x00000000e2e00000, 0x00000000e2f00000, 0x00000000e2f00000|100%| E|CS|TAMS 0x00000000e2e00000, 0x00000000e2e00000| Complete 
|  47|0x00000000e2f00000, 0x00000000e3000000, 0x00000000e3000000|100%| E|CS|TAMS 0x00000000e2f00000, 0x00000000e2f00000| Complete 
|  92|0x00000000e5c00000, 0x00000000e5d00000, 0x00000000e5d00000|100%| E|CS|TAMS 0x00000000e5c00000, 0x00000000e5c00000| Complete 
|  93|0x00000000e5d00000, 0x00000000e5e00000, 0x00000000e5e00000|100%| E|CS|TAMS 0x00000000e5d00000, 0x00000000e5d00000| Complete 
|  94|0x00000000e5e00000, 0x00000000e5f00000, 0x00000000e5f00000|100%| E|CS|TAMS 0x00000000e5e00000, 0x00000000e5e00000| Complete 
| 127|0x00000000e7f00000, 0x00000000e8000000, 0x00000000e8000000|100%| E|CS|TAMS 0x00000000e7f00000, 0x00000000e7f00000| Complete 

Card table byte_map: [0x0000028530420000,0x0000028530520000] _byte_map_base: 0x000002852fd20000

Marking Bits (Prev, Next): (CMBitMap*) 0x000002851d969c10, (CMBitMap*) 0x000002851d969bd0
 Prev Bits: [0x0000028530e20000, 0x0000028531620000)
 Next Bits: [0x0000028530620000, 0x0000028530e20000)

Polling page: 0x000002851baa0000

Metaspace:

Usage:
  Non-class:     52.76 MB used.
      Class:      7.98 MB used.
       Both:     60.74 MB used.

Virtual space:
  Non-class space:       56.00 MB reserved,      52.94 MB ( 95%) committed,  7 nodes.
      Class space:        1.00 GB reserved,       8.12 MB ( <1%) committed,  1 nodes.
             Both:        1.05 GB reserved,      61.06 MB (  6%) committed. 

Chunk freelists:
   Non-Class:  2.25 MB
       Class:  3.83 MB
        Both:  6.08 MB

MaxMetaspaceSize: unlimited
CompressedClassSpaceSize: 1.00 GB
Initial GC threshold: 21.00 MB
Current GC threshold: 99.31 MB
CDS: off
MetaspaceReclaimPolicy: balanced
 - commit_granule_bytes: 65536.
 - commit_granule_words: 8192.
 - virtual_space_node_default_size: 1048576.
 - enlarge_chunks_in_place: 1.
 - new_chunks_are_fully_committed: 0.
 - uncommit_free_chunks: 1.
 - use_allocation_guard: 0.
 - handle_deallocations: 1.


Internal statistics:

num_allocs_failed_limit: 6.
num_arena_births: 460.
num_arena_deaths: 0.
num_vsnodes_births: 8.
num_vsnodes_deaths: 0.
num_space_committed: 977.
num_space_uncommitted: 0.
num_chunks_returned_to_freelist: 6.
num_chunks_taken_from_freelist: 2455.
num_chunk_merges: 6.
num_chunk_splits: 1726.
num_chunks_enlarged: 1342.
num_purges: 0.
num_inconsistent_stats: 0.

CodeHeap 'non-profiled nmethods': size=120000Kb used=2848Kb max_used=3110Kb free=117151Kb
 bounds [0x0000028528ac0000, 0x0000028528de0000, 0x000002852fff0000]
CodeHeap 'profiled nmethods': size=120000Kb used=8970Kb max_used=10414Kb free=111030Kb
 bounds [0x0000028521590000, 0x0000028521fc0000, 0x0000028528ac0000]
CodeHeap 'non-nmethods': size=5760Kb used=1265Kb max_used=1360Kb free=4494Kb
 bounds [0x0000028520ff0000, 0x0000028521260000, 0x0000028521590000]
 total_blobs=4977 nmethods=4395 adapters=494
 compilation: enabled
              stopped_count=0, restarted_count=0
 full_count=0

Compilation events (20 events):
Event: 7.132 Thread 0x0000028534081990 nmethod 5090 0x0000028528b2a290 code [0x0000028528b2a400, 0x0000028528b2a478]
Event: 7.133 Thread 0x0000028534081990 5091       4       jdk.internal.loader.URLClassPath$JarLoader$2::getInputStream (15 bytes)
Event: 7.133 Thread 0x00000285359d28c0 5092       4       jdk.internal.loader.URLClassPath$JarLoader$2::getBytes (48 bytes)
Event: 7.135 Thread 0x00000285359d28c0 nmethod 5092 0x0000028528b37990 code [0x0000028528b37b20, 0x0000028528b37ca8]
Event: 7.135 Thread 0x00000285359d28c0 5093       4       jdk.internal.loader.URLClassPath$JarLoader$2::getCodeSigners (8 bytes)
Event: 7.136 Thread 0x0000028534081990 nmethod 5091 0x0000028528b37210 code [0x0000028528b373a0, 0x0000028528b37738]
Event: 7.138 Thread 0x00000285359d28c0 nmethod 5093 0x0000028528b36c90 code [0x0000028528b36e20, 0x0000028528b36fe8]
Event: 7.138 Thread 0x00000285359d28c0 5094       4       java.lang.invoke.MethodType::makeImpl (109 bytes)
Event: 7.139 Thread 0x0000028534c09550 5095       3       java.lang.module.ModuleDescriptor$Exports::isQualified (18 bytes)
Event: 7.140 Thread 0x0000028534c09550 nmethod 5095 0x0000028521980e90 code [0x0000028521981040, 0x0000028521981268]
Event: 7.140 Thread 0x0000028534c09550 5096   !   3       java.util.concurrent.ConcurrentHashMap::transfer (849 bytes)
Event: 7.143 Thread 0x0000028534c09550 nmethod 5096 0x00000285215f9690 code [0x00000285215f9ac0, 0x00000285215fc0b8]
Event: 7.143 Thread 0x0000028534c09550 5098       3       java.util.stream.ForEachOps$ForEachOp$OfRef::accept (11 bytes)
Event: 7.143 Thread 0x0000028534c09550 nmethod 5098 0x0000028521ce6510 code [0x0000028521ce66c0, 0x0000028521ce6888]
Event: 7.143 Thread 0x0000028534c09550 5097       3       java.util.ImmutableCollections$SetN::isEmpty (13 bytes)
Event: 7.143 Thread 0x0000028534c09550 nmethod 5097 0x000002852195d590 code [0x000002852195d720, 0x000002852195d898]
Event: 7.143 Thread 0x0000028534c09550 5099       3       java.lang.SecurityManager$$Lambda$1363/0x000000010056b3f0::accept (8 bytes)
Event: 7.143 Thread 0x0000028534c09550 nmethod 5099 0x0000028521d97610 code [0x0000028521d977c0, 0x0000028521d97ac8]
Event: 7.143 Thread 0x0000028534c09550 5100       3       java.lang.SecurityManager::lambda$addNonExportedPackages$1 (14 bytes)
Event: 7.144 Thread 0x0000028534c09550 nmethod 5100 0x0000028521ea1210 code [0x0000028521ea13c0, 0x0000028521ea1568]

GC Heap History (20 events):
Event: 3.764 GC heap before
{Heap before GC invocations=11 (full 0):
 garbage-first heap   total 46080K, used 33387K [0x00000000e0000000, 0x0000000100000000)
  region size 1024K, 19 young (19456K), 2 survivors (2048K)
 Metaspace       used 45381K, committed 45696K, reserved 1089536K
  class space    used 5730K, committed 5888K, reserved 1048576K
}
Event: 3.768 GC heap after
{Heap after GC invocations=12 (full 0):
 garbage-first heap   total 46080K, used 18328K [0x00000000e0000000, 0x0000000100000000)
  region size 1024K, 3 young (3072K), 3 survivors (3072K)
 Metaspace       used 45381K, committed 45696K, reserved 1089536K
  class space    used 5730K, committed 5888K, reserved 1048576K
}
Event: 4.209 GC heap before
{Heap before GC invocations=12 (full 0):
 garbage-first heap   total 46080K, used 35736K [0x00000000e0000000, 0x0000000100000000)
  region size 1024K, 20 young (20480K), 3 survivors (3072K)
 Metaspace       used 49268K, committed 49600K, reserved 1097728K
  class space    used 6311K, committed 6464K, reserved 1048576K
}
Event: 4.213 GC heap after
{Heap after GC invocations=13 (full 0):
 garbage-first heap   total 46080K, used 19595K [0x00000000e0000000, 0x0000000100000000)
  region size 1024K, 3 young (3072K), 3 survivors (3072K)
 Metaspace       used 49268K, committed 49600K, reserved 1097728K
  class space    used 6311K, committed 6464K, reserved 1048576K
}
Event: 4.696 GC heap before
{Heap before GC invocations=13 (full 0):
 garbage-first heap   total 46080K, used 35979K [0x00000000e0000000, 0x0000000100000000)
  region size 1024K, 19 young (19456K), 3 survivors (3072K)
 Metaspace       used 52315K, committed 52672K, reserved 1097728K
  class space    used 6754K, committed 6912K, reserved 1048576K
}
Event: 4.701 GC heap after
{Heap after GC invocations=14 (full 0):
 garbage-first heap   total 46080K, used 20712K [0x00000000e0000000, 0x0000000100000000)
  region size 1024K, 3 young (3072K), 3 survivors (3072K)
 Metaspace       used 52315K, committed 52672K, reserved 1097728K
  class space    used 6754K, committed 6912K, reserved 1048576K
}
Event: 5.022 GC heap before
{Heap before GC invocations=14 (full 0):
 garbage-first heap   total 46080K, used 36072K [0x00000000e0000000, 0x0000000100000000)
  region size 1024K, 18 young (18432K), 3 survivors (3072K)
 Metaspace       used 54377K, committed 54656K, reserved 1097728K
  class space    used 7035K, committed 7168K, reserved 1048576K
}
Event: 5.026 GC heap after
{Heap after GC invocations=15 (full 0):
 garbage-first heap   total 46080K, used 21818K [0x00000000e0000000, 0x0000000100000000)
  region size 1024K, 3 young (3072K), 3 survivors (3072K)
 Metaspace       used 54377K, committed 54656K, reserved 1097728K
  class space    used 7035K, committed 7168K, reserved 1048576K
}
Event: 5.390 GC heap before
{Heap before GC invocations=15 (full 0):
 garbage-first heap   total 46080K, used 36154K [0x00000000e0000000, 0x0000000100000000)
  region size 1024K, 17 young (17408K), 3 survivors (3072K)
 Metaspace       used 57129K, committed 57408K, reserved 1105920K
  class space    used 7374K, committed 7488K, reserved 1048576K
}
Event: 5.396 GC heap after
{Heap after GC invocations=16 (full 0):
 garbage-first heap   total 46080K, used 22589K [0x00000000e0000000, 0x0000000100000000)
  region size 1024K, 2 young (2048K), 2 survivors (2048K)
 Metaspace       used 57129K, committed 57408K, reserved 1105920K
  class space    used 7374K, committed 7488K, reserved 1048576K
}
Event: 5.753 GC heap before
{Heap before GC invocations=16 (full 0):
 garbage-first heap   total 46080K, used 36925K [0x00000000e0000000, 0x0000000100000000)
  region size 1024K, 16 young (16384K), 2 survivors (2048K)
 Metaspace       used 58244K, committed 58624K, reserved 1105920K
  class space    used 7552K, committed 7744K, reserved 1048576K
}
Event: 5.759 GC heap after
{Heap after GC invocations=17 (full 0):
 garbage-first heap   total 46080K, used 24091K [0x00000000e0000000, 0x0000000100000000)
  region size 1024K, 2 young (2048K), 2 survivors (2048K)
 Metaspace       used 58244K, committed 58624K, reserved 1105920K
  class space    used 7552K, committed 7744K, reserved 1048576K
}
Event: 6.050 GC heap before
{Heap before GC invocations=18 (full 0):
 garbage-first heap   total 46080K, used 35355K [0x00000000e0000000, 0x0000000100000000)
  region size 1024K, 14 young (14336K), 2 survivors (2048K)
 Metaspace       used 58659K, committed 59008K, reserved 1105920K
  class space    used 7642K, committed 7808K, reserved 1048576K
}
Event: 6.056 GC heap after
{Heap after GC invocations=19 (full 0):
 garbage-first heap   total 46080K, used 25849K [0x00000000e0000000, 0x0000000100000000)
  region size 1024K, 2 young (2048K), 2 survivors (2048K)
 Metaspace       used 58659K, committed 59008K, reserved 1105920K
  class space    used 7642K, committed 7808K, reserved 1048576K
}
Event: 6.293 GC heap before
{Heap before GC invocations=19 (full 0):
 garbage-first heap   total 46080K, used 37113K [0x00000000e0000000, 0x0000000100000000)
  region size 1024K, 13 young (13312K), 2 survivors (2048K)
 Metaspace       used 59737K, committed 60096K, reserved 1105920K
  class space    used 7797K, committed 8000K, reserved 1048576K
}
Event: 6.298 GC heap after
{Heap after GC invocations=20 (full 0):
 garbage-first heap   total 46080K, used 26992K [0x00000000e0000000, 0x0000000100000000)
  region size 1024K, 2 young (2048K), 2 survivors (2048K)
 Metaspace       used 59737K, committed 60096K, reserved 1105920K
  class space    used 7797K, committed 8000K, reserved 1048576K
}
Event: 6.532 GC heap before
{Heap before GC invocations=21 (full 0):
 garbage-first heap   total 51200K, used 36208K [0x00000000e0000000, 0x0000000100000000)
  region size 1024K, 11 young (11264K), 2 survivors (2048K)
 Metaspace       used 60222K, committed 60544K, reserved 1105920K
  class space    used 7860K, committed 8000K, reserved 1048576K
}
Event: 6.535 GC heap after
{Heap after GC invocations=22 (full 0):
 garbage-first heap   total 51200K, used 27673K [0x00000000e0000000, 0x0000000100000000)
  region size 1024K, 2 young (2048K), 2 survivors (2048K)
 Metaspace       used 60222K, committed 60544K, reserved 1105920K
  class space    used 7860K, committed 8000K, reserved 1048576K
}
Event: 6.805 GC heap before
{Heap before GC invocations=22 (full 0):
 garbage-first heap   total 51200K, used 40985K [0x00000000e0000000, 0x0000000100000000)
  region size 1024K, 15 young (15360K), 2 survivors (2048K)
 Metaspace       used 60635K, committed 60992K, reserved 1105920K
  class space    used 7915K, committed 8064K, reserved 1048576K
}
Event: 6.811 GC heap after
{Heap after GC invocations=23 (full 0):
 garbage-first heap   total 51200K, used 29098K [0x00000000e0000000, 0x0000000100000000)
  region size 1024K, 2 young (2048K), 2 survivors (2048K)
 Metaspace       used 60635K, committed 60992K, reserved 1105920K
  class space    used 7915K, committed 8064K, reserved 1048576K
}

Deoptimization events (20 events):
Event: 6.900 Thread 0x000002851d939e90 Uncommon trap: trap_request=0xffffff45 fr.pc=0x0000028528baca18 relative=0x0000000000002458
Event: 6.900 Thread 0x000002851d939e90 Uncommon trap: reason=unstable_if action=reinterpret pc=0x0000028528baca18 method=org.springframework.core.annotation.AnnotationsScanner.processClassInheritedAnnotations(Ljava/lang/Object;Ljava/lang/Class;Lorg/springframework/core/annotation/MergedAnnotat
Event: 6.900 Thread 0x000002851d939e90 DEOPT PACKING pc=0x0000028528baca18 sp=0x000000b36fbfc710
Event: 6.900 Thread 0x000002851d939e90 DEOPT UNPACKING pc=0x00000285210423a3 sp=0x000000b36fbfc5b8 mode 2
Event: 6.924 Thread 0x000002851d939e90 Uncommon trap: trap_request=0xffffff45 fr.pc=0x0000028528b948e0 relative=0x0000000000000060
Event: 6.924 Thread 0x000002851d939e90 Uncommon trap: reason=unstable_if action=reinterpret pc=0x0000028528b948e0 method=org.springframework.util.ConcurrentReferenceHashMap$Segment.clear()V @ 7 c2
Event: 6.924 Thread 0x000002851d939e90 DEOPT PACKING pc=0x0000028528b948e0 sp=0x000000b36fbfc800
Event: 6.924 Thread 0x000002851d939e90 DEOPT UNPACKING pc=0x00000285210423a3 sp=0x000000b36fbfc790 mode 2
Event: 6.932 Thread 0x000002851d939e90 Uncommon trap: trap_request=0xffffff45 fr.pc=0x0000028528c060cc relative=0x000000000000012c
Event: 6.932 Thread 0x000002851d939e90 Uncommon trap: reason=unstable_if action=reinterpret pc=0x0000028528c060cc method=java.util.IdentityHashMap.nextKeyIndex(II)I @ 4 c2
Event: 6.932 Thread 0x000002851d939e90 DEOPT PACKING pc=0x0000028528c060cc sp=0x000000b36fbfc3b0
Event: 6.932 Thread 0x000002851d939e90 DEOPT UNPACKING pc=0x00000285210423a3 sp=0x000000b36fbfc2b8 mode 2
Event: 7.093 Thread 0x000002851d939e90 Uncommon trap: trap_request=0xffffff45 fr.pc=0x0000028528bd6b94 relative=0x00000000000009f4
Event: 7.093 Thread 0x000002851d939e90 Uncommon trap: reason=unstable_if action=reinterpret pc=0x0000028528bd6b94 method=jdk.internal.module.SystemModuleFinders$SystemModuleReader.find(Ljava/lang/String;)Ljava/util/Optional; @ 5 c2
Event: 7.093 Thread 0x000002851d939e90 DEOPT PACKING pc=0x0000028528bd6b94 sp=0x000000b36fbf9750
Event: 7.093 Thread 0x000002851d939e90 DEOPT UNPACKING pc=0x00000285210423a3 sp=0x000000b36fbf9748 mode 2
Event: 7.134 Thread 0x000002851d939e90 Uncommon trap: trap_request=0xffffff45 fr.pc=0x0000028528d1eba8 relative=0x0000000000002088
Event: 7.134 Thread 0x000002851d939e90 Uncommon trap: reason=unstable_if action=reinterpret pc=0x0000028528d1eba8 method=java.lang.ClassLoader.preDefineClass(Ljava/lang/String;Ljava/security/ProtectionDomain;)Ljava/security/ProtectionDomain; @ 95 c2
Event: 7.134 Thread 0x000002851d939e90 DEOPT PACKING pc=0x0000028528d1eba8 sp=0x000000b36fbf8c10
Event: 7.134 Thread 0x000002851d939e90 DEOPT UNPACKING pc=0x00000285210423a3 sp=0x000000b36fbf8bc0 mode 2

Classes unloaded (0 events):
No events

Classes redefined (0 events):
No events

Internal exceptions (20 events):
Event: 6.881 Thread 0x000002851d939e90 Exception <a 'java/lang/ClassNotFoundException'{0x00000000e5eab138}: javax/servlet/FilterCustomizer> (0x00000000e5eab138) 
thrown [s\src\hotspot\share\classfile\systemDictionary.cpp, line 256]
Event: 6.883 Thread 0x000002851d939e90 Exception <a 'java/lang/ClassNotFoundException'{0x00000000e5eb3c80}: org/springframework/core/OrderedCustomizer> (0x00000000e5eb3c80) 
thrown [s\src\hotspot\share\classfile\systemDictionary.cpp, line 256]
Event: 6.883 Thread 0x000002851d939e90 Exception <a 'java/lang/ClassNotFoundException'{0x00000000e5ebbca0}: javax/servlet/FilterCustomizer> (0x00000000e5ebbca0) 
thrown [s\src\hotspot\share\classfile\systemDictionary.cpp, line 256]
Event: 6.884 Thread 0x000002851d939e90 Exception <a 'java/lang/ClassNotFoundException'{0x00000000e5ec4e08}: org/springframework/beans/factory/BeanNameAwareCustomizer> (0x00000000e5ec4e08) 
thrown [s\src\hotspot\share\classfile\systemDictionary.cpp, line 256]
Event: 6.885 Thread 0x000002851d939e90 Exception <a 'java/lang/ClassNotFoundException'{0x00000000e5ecd570}: org/springframework/beans/factory/AwareCustomizer> (0x00000000e5ecd570) 
thrown [s\src\hotspot\share\classfile\systemDictionary.cpp, line 256]
Event: 6.885 Thread 0x000002851d939e90 Exception <a 'java/lang/ClassNotFoundException'{0x00000000e5ed4fc0}: org/springframework/context/EnvironmentAwareCustomizer> (0x00000000e5ed4fc0) 
thrown [s\src\hotspot\share\classfile\systemDictionary.cpp, line 256]
Event: 6.886 Thread 0x000002851d939e90 Exception <a 'java/lang/ClassNotFoundException'{0x00000000e5edd748}: org/springframework/beans/factory/AwareCustomizer> (0x00000000e5edd748) 
thrown [s\src\hotspot\share\classfile\systemDictionary.cpp, line 256]
Event: 6.887 Thread 0x000002851d939e90 Exception <a 'java/lang/ClassNotFoundException'{0x00000000e5ee5348}: org/springframework/core/env/EnvironmentCapableCustomizer> (0x00000000e5ee5348) 
thrown [s\src\hotspot\share\classfile\systemDictionary.cpp, line 256]
Event: 6.888 Thread 0x000002851d939e90 Exception <a 'java/lang/ClassNotFoundException'{0x00000000e5eedef8}: org/springframework/web/context/ServletContextAwareCustomizer> (0x00000000e5eedef8) 
thrown [s\src\hotspot\share\classfile\systemDictionary.cpp, line 256]
Event: 6.889 Thread 0x000002851d939e90 Exception <a 'java/lang/ClassNotFoundException'{0x00000000e5ef6960}: org/springframework/beans/factory/AwareCustomizer> (0x00000000e5ef6960) 
thrown [s\src\hotspot\share\classfile\systemDictionary.cpp, line 256]
Event: 6.890 Thread 0x000002851d939e90 Exception <a 'java/lang/ClassNotFoundException'{0x00000000e5efe650}: org/springframework/beans/factory/InitializingBeanCustomizer> (0x00000000e5efe650) 
thrown [s\src\hotspot\share\classfile\systemDictionary.cpp, line 256]
Event: 6.891 Thread 0x000002851d939e90 Exception <a 'java/lang/ClassNotFoundException'{0x00000000e5d07028}: org/springframework/beans/factory/DisposableBeanCustomizer> (0x00000000e5d07028) 
thrown [s\src\hotspot\share\classfile\systemDictionary.cpp, line 256]
Event: 6.895 Thread 0x000002851d939e90 Exception <a 'java/lang/ClassNotFoundException'{0x00000000e5d311d8}: java/lang/ObjectCustomizer> (0x00000000e5d311d8) 
thrown [s\src\hotspot\share\classfile\systemDictionary.cpp, line 256]
Event: 6.896 Thread 0x000002851d939e90 Exception <a 'java/lang/ClassNotFoundException'{0x00000000e5d3cbf8}: org/springframework/web/multipart/support/StandardServletMultipartResolverCustomizer> (0x00000000e5d3cbf8) 
thrown [s\src\hotspot\share\classfile\systemDictionary.cpp, line 256]
Event: 6.897 Thread 0x000002851d939e90 Exception <a 'java/lang/ClassNotFoundException'{0x00000000e5d4a880}: org/springframework/web/multipart/MultipartResolverCustomizer> (0x00000000e5d4a880) 
thrown [s\src\hotspot\share\classfile\systemDictionary.cpp, line 256]
Event: 6.907 Thread 0x000002851d939e90 Exception <a 'java/lang/NoSuchMethodError'{0x00000000e5db4b00}: 'java.lang.Object java.lang.invoke.DirectMethodHandle$Holder.invokeSpecial(java.lang.Object, java.lang.Object, int, java.lang.Object, int, java.lang.Object)'> (0x00000000e5db4b00) 
thrown [s\src\hotspot\share\interpreter\linkResolver.cpp, line 759]
Event: 6.908 Thread 0x000002851d939e90 Exception <a 'java/lang/NoSuchMethodError'{0x00000000e5dbd070}: 'java.lang.Object java.lang.invoke.DirectMethodHandle$Holder.newInvokeSpecial(java.lang.Object, java.lang.Object, int, java.lang.Object, int)'> (0x00000000e5dbd070) 
thrown [s\src\hotspot\share\interpreter\linkResolver.cpp, line 759]
Event: 6.908 Thread 0x000002851d939e90 Exception <a 'java/lang/NoSuchMethodError'{0x00000000e5dc1678}: 'java.lang.Object java.lang.invoke.DirectMethodHandle$Holder.invokeSpecial(java.lang.Object, java.lang.Object, java.lang.Object, int, java.lang.Object, int)'> (0x00000000e5dc1678) 
thrown [s\src\hotspot\share\interpreter\linkResolver.cpp, line 759]
Event: 6.911 Thread 0x000002851d939e90 Exception <a 'java/lang/NoSuchMethodError'{0x00000000e5dcba90}: 'void java.lang.invoke.DirectMethodHandle$Holder.invokeVirtual(java.lang.Object, java.lang.Object)'> (0x00000000e5dcba90) 
thrown [s\src\hotspot\share\interpreter\linkResolver.cpp, line 759]
Event: 7.134 Thread 0x000002851d939e90 Implicit null exception at 0x0000028528d1cd02 to 0x0000028528d1eb64

VM Operations (20 events):
Event: 6.339 Executing VM operation: G1Concurrent
Event: 6.342 Executing VM operation: G1Concurrent done
Event: 6.362 Executing VM operation: G1Concurrent
Event: 6.362 Executing VM operation: G1Concurrent done
Event: 6.393 Executing VM operation: HandshakeAllThreads
Event: 6.393 Executing VM operation: HandshakeAllThreads done
Event: 6.429 Executing VM operation: HandshakeAllThreads
Event: 6.429 Executing VM operation: HandshakeAllThreads done
Event: 6.505 Executing VM operation: HandshakeAllThreads
Event: 6.505 Executing VM operation: HandshakeAllThreads done
Event: 6.532 Executing VM operation: G1CollectForAllocation
Event: 6.535 Executing VM operation: G1CollectForAllocation done
Event: 6.805 Executing VM operation: G1CollectForAllocation
Event: 6.811 Executing VM operation: G1CollectForAllocation done
Event: 6.857 Executing VM operation: G1Concurrent
Event: 6.861 Executing VM operation: G1Concurrent done
Event: 6.882 Executing VM operation: G1Concurrent
Event: 6.882 Executing VM operation: G1Concurrent done
Event: 6.957 Executing VM operation: HandshakeAllThreads
Event: 6.957 Executing VM operation: HandshakeAllThreads done

Events (20 events):
Event: 7.036 loading class java/lang/reflect/AccessibleObject$Cache
Event: 7.036 loading class java/lang/reflect/AccessibleObject$Cache done
Event: 7.054 loading class java/lang/reflect/AnnotatedTypeVariable
Event: 7.054 loading class java/lang/reflect/AnnotatedTypeVariable done
Event: 7.073 loading class sun/reflect/annotation/AnnotatedTypeFactory$AnnotatedParameterizedTypeImpl
Event: 7.073 loading class sun/reflect/annotation/AnnotatedTypeFactory$AnnotatedParameterizedTypeImpl done
Event: 7.074 loading class sun/reflect/annotation/AnnotatedTypeFactory$AnnotatedWildcardTypeImpl
Event: 7.074 loading class sun/reflect/annotation/AnnotatedTypeFactory$AnnotatedWildcardTypeImpl done
Event: 7.075 loading class sun/reflect/annotation/AnnotatedTypeFactory$AnnotatedTypeVariableImpl
Event: 7.075 loading class sun/reflect/annotation/AnnotatedTypeFactory$AnnotatedTypeVariableImpl done
Event: 7.075 loading class sun/reflect/annotation/AnnotatedTypeFactory$AnnotatedArrayTypeImpl
Event: 7.076 loading class sun/reflect/annotation/AnnotatedTypeFactory$AnnotatedArrayTypeImpl done
Event: 7.093 loading class sun/net/www/protocol/jrt/JavaRuntimeURLConnection
Event: 7.093 loading class sun/net/www/protocol/jrt/JavaRuntimeURLConnection done
Event: 7.094 loading class sun/net/www/protocol/jrt/JavaRuntimeURLConnection$1
Event: 7.094 loading class sun/net/www/protocol/jrt/JavaRuntimeURLConnection$1 done
Event: 7.108 loading class java/lang/StrictMath
Event: 7.108 loading class java/lang/StrictMath done
Event: 7.131 loading class jdk/internal/vm/annotation/ForceInline
Event: 7.131 loading class jdk/internal/vm/annotation/ForceInline done


Dynamic libraries:
0x00007ff7b01d0000 - 0x00007ff7b01de000 	C:\Users\dsrin\Downloads\sts-4.16.0.RELEASE\plugins\org.eclipse.justj.openjdk.hotspot.jre.full.win32.x86_64_17.0.4.v20220903-1038\jre\bin\javaw.exe
0x00007ff862a90000 - 0x00007ff862c88000 	C:\WINDOWS\SYSTEM32\ntdll.dll
0x00007ff862520000 - 0x00007ff8625dd000 	C:\WINDOWS\System32\KERNEL32.DLL
0x00007ff860260000 - 0x00007ff86052e000 	C:\WINDOWS\System32\KERNELBASE.dll
0x00007ff860730000 - 0x00007ff860830000 	C:\WINDOWS\System32\ucrtbase.dll
0x00007ff83bc30000 - 0x00007ff83bc49000 	C:\Users\dsrin\Downloads\sts-4.16.0.RELEASE\plugins\org.eclipse.justj.openjdk.hotspot.jre.full.win32.x86_64_17.0.4.v20220903-1038\jre\bin\VCRUNTIME140.dll
0x00007ff856a00000 - 0x00007ff856a18000 	C:\Users\dsrin\Downloads\sts-4.16.0.RELEASE\plugins\org.eclipse.justj.openjdk.hotspot.jre.full.win32.x86_64_17.0.4.v20220903-1038\jre\bin\jli.dll
0x00007ff8614d0000 - 0x00007ff861670000 	C:\WINDOWS\System32\USER32.dll
0x00007ff8605a0000 - 0x00007ff8605c2000 	C:\WINDOWS\System32\win32u.dll
0x00007ff837da0000 - 0x00007ff83803a000 	C:\WINDOWS\WinSxS\amd64_microsoft.windows.common-controls_6595b64144ccf1df_6.0.19041.1110_none_60b5254171f9507e\COMCTL32.dll
0x00007ff862440000 - 0x00007ff86246a000 	C:\WINDOWS\System32\GDI32.dll
0x00007ff8627c0000 - 0x00007ff86285e000 	C:\WINDOWS\System32\msvcrt.dll
0x00007ff860830000 - 0x00007ff86093b000 	C:\WINDOWS\System32\gdi32full.dll
0x00007ff860990000 - 0x00007ff860a2d000 	C:\WINDOWS\System32\msvcp_win.dll
0x00007ff861950000 - 0x00007ff861980000 	C:\WINDOWS\System32\IMM32.DLL
0x00007ff856880000 - 0x00007ff85688c000 	C:\Users\dsrin\Downloads\sts-4.16.0.RELEASE\plugins\org.eclipse.justj.openjdk.hotspot.jre.full.win32.x86_64_17.0.4.v20220903-1038\jre\bin\vcruntime140_1.dll
0x00007ff8306d0000 - 0x00007ff830761000 	C:\Users\dsrin\Downloads\sts-4.16.0.RELEASE\plugins\org.eclipse.justj.openjdk.hotspot.jre.full.win32.x86_64_17.0.4.v20220903-1038\jre\bin\msvcp140.dll
0x00007ff80f400000 - 0x00007ff810046000 	C:\Users\dsrin\Downloads\sts-4.16.0.RELEASE\plugins\org.eclipse.justj.openjdk.hotspot.jre.full.win32.x86_64_17.0.4.v20220903-1038\jre\bin\server\jvm.dll
0x00007ff862470000 - 0x00007ff86251e000 	C:\WINDOWS\System32\ADVAPI32.dll
0x00007ff8629b0000 - 0x00007ff862a4c000 	C:\WINDOWS\System32\sechost.dll
0x00007ff862860000 - 0x00007ff862985000 	C:\WINDOWS\System32\RPCRT4.dll
0x00007ff862650000 - 0x00007ff862658000 	C:\WINDOWS\System32\PSAPI.DLL
0x00007ff855fe0000 - 0x00007ff855fea000 	C:\WINDOWS\SYSTEM32\VERSION.dll
0x00007ff83c400000 - 0x00007ff83c409000 	C:\WINDOWS\SYSTEM32\WSOCK32.dll
0x00007ff83ddd0000 - 0x00007ff83ddf7000 	C:\WINDOWS\SYSTEM32\WINMM.dll
0x00007ff8618e0000 - 0x00007ff86194b000 	C:\WINDOWS\System32\WS2_32.dll
0x00007ff85ea30000 - 0x00007ff85ea42000 	C:\WINDOWS\SYSTEM32\kernel.appcore.dll
0x00007ff859030000 - 0x00007ff85903a000 	C:\Users\dsrin\Downloads\sts-4.16.0.RELEASE\plugins\org.eclipse.justj.openjdk.hotspot.jre.full.win32.x86_64_17.0.4.v20220903-1038\jre\bin\jimage.dll
0x00007ff85e820000 - 0x00007ff85ea04000 	C:\WINDOWS\SYSTEM32\DBGHELP.DLL
0x00007ff84c9b0000 - 0x00007ff84c9dc000 	C:\WINDOWS\SYSTEM32\dbgcore.DLL
0x00007ff860a30000 - 0x00007ff860ab2000 	C:\WINDOWS\System32\bcryptPrimitives.dll
0x00007ff856a20000 - 0x00007ff856a45000 	C:\Users\dsrin\Downloads\sts-4.16.0.RELEASE\plugins\org.eclipse.justj.openjdk.hotspot.jre.full.win32.x86_64_17.0.4.v20220903-1038\jre\bin\java.dll
0x00007ff856930000 - 0x00007ff856948000 	C:\Users\dsrin\Downloads\sts-4.16.0.RELEASE\plugins\org.eclipse.justj.openjdk.hotspot.jre.full.win32.x86_64_17.0.4.v20220903-1038\jre\bin\zip.dll
0x00007ff861980000 - 0x00007ff8620c3000 	C:\WINDOWS\System32\SHELL32.dll
0x00007ff85df40000 - 0x00007ff85e6d5000 	C:\WINDOWS\SYSTEM32\windows.storage.dll
0x00007ff8620e0000 - 0x00007ff862434000 	C:\WINDOWS\System32\combase.dll
0x00007ff85fb40000 - 0x00007ff85fb70000 	C:\WINDOWS\SYSTEM32\Wldp.dll
0x00007ff861080000 - 0x00007ff86112d000 	C:\WINDOWS\System32\SHCORE.dll
0x00007ff8613f0000 - 0x00007ff861445000 	C:\WINDOWS\System32\shlwapi.dll
0x00007ff8600f0000 - 0x00007ff86010f000 	C:\WINDOWS\SYSTEM32\profapi.dll
0x00007ff856e10000 - 0x00007ff856e29000 	C:\Users\dsrin\Downloads\sts-4.16.0.RELEASE\plugins\org.eclipse.justj.openjdk.hotspot.jre.full.win32.x86_64_17.0.4.v20220903-1038\jre\bin\net.dll
0x00007ff855170000 - 0x00007ff85527a000 	C:\WINDOWS\SYSTEM32\WINHTTP.dll
0x00007ff85f8a0000 - 0x00007ff85f90a000 	C:\WINDOWS\system32\mswsock.dll
0x00007ff83bc50000 - 0x00007ff83bc65000 	C:\Users\dsrin\Downloads\sts-4.16.0.RELEASE\plugins\org.eclipse.justj.openjdk.hotspot.jre.full.win32.x86_64_17.0.4.v20220903-1038\jre\bin\nio.dll
0x00007ff85f590000 - 0x00007ff85f5cb000 	C:\WINDOWS\SYSTEM32\IPHLPAPI.DLL
0x00007ff8625e0000 - 0x00007ff8625e8000 	C:\WINDOWS\System32\NSI.dll
0x00007ff8558f0000 - 0x00007ff855907000 	C:\WINDOWS\SYSTEM32\dhcpcsvc6.DLL
0x00007ff855820000 - 0x00007ff85583d000 	C:\WINDOWS\SYSTEM32\dhcpcsvc.DLL
0x00007ff85f5d0000 - 0x00007ff85f69a000 	C:\WINDOWS\SYSTEM32\DNSAPI.dll
0x00007ff856dc0000 - 0x00007ff856dd0000 	C:\Users\dsrin\Downloads\sts-4.16.0.RELEASE\plugins\org.eclipse.justj.openjdk.hotspot.jre.full.win32.x86_64_17.0.4.v20220903-1038\jre\bin\verify.dll
0x00007ff856720000 - 0x00007ff856729000 	C:\Users\dsrin\Downloads\sts-4.16.0.RELEASE\plugins\org.eclipse.justj.openjdk.hotspot.jre.full.win32.x86_64_17.0.4.v20220903-1038\jre\bin\management.dll
0x00007ff83bdb0000 - 0x00007ff83bdbb000 	C:\Users\dsrin\Downloads\sts-4.16.0.RELEASE\plugins\org.eclipse.justj.openjdk.hotspot.jre.full.win32.x86_64_17.0.4.v20220903-1038\jre\bin\management_ext.dll
0x00007ff837b80000 - 0x00007ff837b97000 	C:\WINDOWS\system32\napinsp.dll
0x00007ff8373f0000 - 0x00007ff83740b000 	C:\WINDOWS\system32\pnrpnsp.dll
0x00007ff85a600000 - 0x00007ff85a615000 	C:\WINDOWS\system32\wshbth.dll
0x00007ff85b2b0000 - 0x00007ff85b2cd000 	C:\WINDOWS\system32\NLAapi.dll
0x00007ff8306b0000 - 0x00007ff8306c2000 	C:\WINDOWS\System32\winrnr.dll
0x00007ff856cd0000 - 0x00007ff856cda000 	C:\Windows\System32\rasadhlp.dll
0x00007ff850540000 - 0x00007ff8505c0000 	C:\WINDOWS\System32\fwpuclnt.dll
0x00007ff860ac0000 - 0x00007ff860ae7000 	C:\WINDOWS\System32\bcrypt.dll
0x00007ff85faa0000 - 0x00007ff85fab8000 	C:\WINDOWS\SYSTEM32\CRYPTSP.dll
0x00007ff85f220000 - 0x00007ff85f254000 	C:\WINDOWS\system32\rsaenh.dll
0x00007ff860070000 - 0x00007ff86009e000 	C:\WINDOWS\SYSTEM32\USERENV.dll
0x00007ff85fa90000 - 0x00007ff85fa9c000 	C:\WINDOWS\SYSTEM32\CRYPTBASE.dll

dbghelp: loaded successfully - version: 4.0.5 - missing functions: none
symbol engine: initialized successfully - sym options: 0x614 - pdb path: .;C:\Users\dsrin\Downloads\sts-4.16.0.RELEASE\plugins\org.eclipse.justj.openjdk.hotspot.jre.full.win32.x86_64_17.0.4.v20220903-1038\jre\bin;C:\WINDOWS\SYSTEM32;C:\WINDOWS\WinSxS\amd64_microsoft.windows.common-controls_6595b64144ccf1df_6.0.19041.1110_none_60b5254171f9507e;C:\Users\dsrin\Downloads\sts-4.16.0.RELEASE\plugins\org.eclipse.justj.openjdk.hotspot.jre.full.win32.x86_64_17.0.4.v20220903-1038\jre\bin\server

VM Arguments:
jvm_args: -ea -Dfile.encoding=UTF-8 -XX:+ShowCodeDetailsInExceptionMessages -Xmx512M 
java_command: org.eclipse.jdt.internal.junit.runner.RemoteTestRunner -version 3 -port 8343 -testLoaderClass org.eclipse.jdt.internal.junit5.runner.JUnit5TestLoader -loaderpluginname org.eclipse.jdt.junit5.runtime -classNames com.mario.gtest.service.BookReviewServiceImplTest
java_class_path (initial): F:\SPRINGTOOL\BookReviews\bin\main;F:\SPRINGTOOL\BookReviews\bin\test;\BookReviews\bin\default;C:\Users\dsrin\.gradle\caches\modules-2\files-2.1\org.projectlombok\lombok\1.18.24\13a394eed5c4f9efb2a6d956e2086f1d81e857d9\lombok-1.18.24.jar;C:\Users\dsrin\.gradle\caches\modules-2\files-2.1\org.springframework.boot\spring-boot-starter-data-jpa\2.7.5\b83184467079d5b808fb2f9fbc858b1804975808\spring-boot-starter-data-jpa-2.7.5.jar;C:\Users\dsrin\.gradle\caches\modules-2\files-2.1\org.springframework.boot\spring-boot-starter-web\2.7.5\bb4099d0466a62c3b11ab9323babca13bb430a2e\spring-boot-starter-web-2.7.5.jar;C:\Users\dsrin\.gradle\caches\modules-2\files-2.1\org.springframework.boot\spring-boot-starter-aop\2.7.5\ea4b85395faaa3a382f2a582e4bf023d088d320e\spring-boot-starter-aop-2.7.5.jar;C:\Users\dsrin\.gradle\caches\modules-2\files-2.1\org.springframework.boot\spring-boot-starter-jdbc\2.7.5\b57c3f8fb2fe235a8ff368755092371423bbc5b3\spring-boot-starter-jdbc-2.7.5.jar;C:\Users\dsrin\.gradle\caches\modules-2\files-2.1\jakarta.transaction\jakarta.transaction-api\1.3.3\c4179d48720a1e87202115fbed6089bdc4195405\jakarta.transaction-api-1.3.3.jar;C:\Users\dsrin\.gradle\caches\modules-2\files-2.1\jakarta.persistence\jakarta.persistence-api\2.2.3\8f6ea5daedc614f07a3654a455660145286f024e\jakarta.persistence-api-2.2.3.jar;C:\Users\dsrin\.gradle\caches\modules-2\files-2.1\org.hibernate\hibernate-core\5.6.12.Final\66720fe38bdb9515924d559b8aac7b522d7ae171\hibernate-core-5.6.12.Final.jar;C:\Users\dsrin\.gradle\caches\modules-2\files-2.1\org.springframework.data\spring-data-jpa\2.7.5\dc0bb497a33fcd3f82fe0ccfd674476d93889b3d\spring-data-jpa-2.7.5.jar;C:\Users\dsrin\.gradle\caches\modules-2\files-2.1\org.springframework\spring-aspects\5.3.23\35a0f5df4241f794fd79dd2447195ac055e88b8e\spring-aspects-5.3.23.jar;C:\Users\dsrin\.gradle\caches\modules-2\files-2.1\org.springframework.boot\spring-boot-starter-json\2.7.5\9c7df04ff37b2e7471632ddeb4a296c5fb6bddee\spring-boot-star
Launcher Type: SUN_STANDARD

[Global flags]
     intx CICompilerCount                          = 4                                         {product} {ergonomic}
     uint ConcGCThreads                            = 2                                         {product} {ergonomic}
     uint G1ConcRefinementThreads                  = 8                                         {product} {ergonomic}
   size_t G1HeapRegionSize                         = 1048576                                   {product} {ergonomic}
    uintx GCDrainStackTargetSize                   = 64                                        {product} {ergonomic}
   size_t InitialHeapSize                          = 134217728                                 {product} {ergonomic}
   size_t MarkStackSize                            = 4194304                                   {product} {ergonomic}
   size_t MaxHeapSize                              = 536870912                                 {product} {command line}
   size_t MaxNewSize                               = 321912832                                 {product} {ergonomic}
   size_t MinHeapDeltaBytes                        = 1048576                                   {product} {ergonomic}
   size_t MinHeapSize                              = 8388608                                   {product} {ergonomic}
    uintx NonNMethodCodeHeapSize                   = 5839372                                {pd product} {ergonomic}
    uintx NonProfiledCodeHeapSize                  = 122909434                              {pd product} {ergonomic}
    uintx ProfiledCodeHeapSize                     = 122909434                              {pd product} {ergonomic}
    uintx ReservedCodeCacheSize                    = 251658240                              {pd product} {ergonomic}
     bool SegmentedCodeCache                       = true                                      {product} {ergonomic}
     bool ShowCodeDetailsInExceptionMessages       = true                                   {manageable} {command line}
   size_t SoftMaxHeapSize                          = 536870912                              {manageable} {ergonomic}
     bool UseCompressedClassPointers               = true                           {product lp64_product} {ergonomic}
     bool UseCompressedOops                        = true                           {product lp64_product} {ergonomic}
     bool UseG1GC                                  = true                                      {product} {ergonomic}
     bool UseLargePagesIndividualAllocation        = false                                  {pd product} {ergonomic}

Logging:
Log output configuration:
 #0: stdout all=warning uptime,level,tags
 #1: stderr all=off uptime,level,tags

Environment Variables:
JAVA_HOME=C:\Program Files\Java\jdk1.8.0_301
_JAVA_OPTIONS=-Xmx512M
CLASSPATH=.;
PATH=C:/Users/dsrin/Downloads/sts-4.16.0.RELEASE//plugins/org.eclipse.justj.openjdk.hotspot.jre.full.win32.x86_64_17.0.4.v20220903-1038/jre/bin/server;C:/Users/dsrin/Downloads/sts-4.16.0.RELEASE//plugins/org.eclipse.justj.openjdk.hotspot.jre.full.win32.x86_64_17.0.4.v20220903-1038/jre/bin;C:\Program Files (x86)\Common Files\Oracle\Java\javapath;C:\WINDOWS\system32;C:\WINDOWS;C:\WINDOWS\System32\Wbem;C:\WINDOWS\System32\WindowsPowerShell\v1.0\;C:\WINDOWS\System32\OpenSSH\;C:\Program Files\Microsoft SQL Server\Client SDK\ODBC\130\Tools\Binn\;C:\Program Files (x86)\Microsoft SQL Server\140\Tools\Binn\;C:\Program Files\Microsoft SQL Server\140\Tools\Binn\;C:\Program Files\Microsoft SQL Server\140\DTS\Binn\;C:\Program Files (x86)\Microsoft SQL Server\150\DTS\Binn\;C:\Users\dsrin\AppData\Local\Programs\Python\Python38-32;C:\Users\dsrin\AppData\Local\Programs\Python\Python38-32\Scripts;C:\Program Files\Microsoft SQL Server\Client SDK\ODBC\170\Tools\Binn\;C:\Program Files (x86)\Microsoft SQL Server\150\Tools\Binn\;C:\Program Files\Microsoft SQL Server\150\Tools\Binn\;C:\Program Files\Microsoft SQL Server\150\DTS\Binn\;C:\Program Files\Azure Data Studio\bin;C:\Program Files\Java\jdk1.8.0_191\bin;C:\Program Files\MySQL\MySQL Shell 8.0\bin\;C:\Program Files\Java\jdk1.8.0_301\bin;C:\Users\dsrin\AppData\Local\Programs\Microsoft VS Code\bin;C:\Users\dsrin\Downloads\sts-4.16.0.RELEASE;
USERNAME=Hasse
OS=Windows_NT
PROCESSOR_IDENTIFIER=Intel64 Family 6 Model 142 Stepping 12, GenuineIntel
TMP=C:\Users\dsrin\AppData\Local\Temp
TEMP=C:\Users\dsrin\AppData\Local\Temp



---------------  S Y S T E M  ---------------

OS:
 Windows 10 , 64 bit Build 19041 (10.0.19041.1889)
OS uptime: 0 days 22:00 hours

CPU: total 8 (initial active 8) (4 cores per cpu, 2 threads per core) family 6 model 142 stepping 12 microcode 0xea, cx8, cmov, fxsr, ht, mmx, 3dnowpref, sse, sse2, sse3, ssse3, sse4.1, sse4.2, popcnt, lzcnt, tsc, tscinvbit, avx, avx2, aes, erms, clmul, bmi1, bmi2, adx, fma, vzeroupper, clflush, clflushopt

Memory: 4k page, system-wide physical 8072M (927M free)
TotalPageFile size 9977M (AvailPageFile size 5M)
current process WorkingSet (physical memory assigned to process): 250M, peak: 251M
current process commit charge ("private bytes"): 284M, peak: 286M

vm_info: OpenJDK 64-Bit Server VM (17.0.4.1+1) for windows-amd64 JRE (17.0.4.1+1), built on Aug 17 2022 07:42:43 by "temurin" with MS VC++ 16.7 (VS2019)

END.
