#
# There is insufficient memory for the Java Runtime Environment to continue.
# Native memory allocation (malloc) failed to allocate 129056 bytes for Chunk::new
# Possible reasons:
#   The system is out of physical RAM or swap space
#   The process is running with CompressedOops enabled, and the Java Heap may be blocking the growth of the native heap
# Possible solutions:
#   Reduce memory load on the system
#   Increase physical memory or swap space
#   Check if swap backing store is full
#   Decrease Java heap size (-Xmx/-Xms)
#   Decrease number of Java threads
#   Decrease Java thread stack sizes (-Xss)
#   Set larger code cache with -XX:ReservedCodeCacheSize=
#   JVM is running with Unscaled Compressed Oops mode in which the Java heap is
#     placed in the first 4GB address space. The Java Heap base address is the
#     maximum limit for the native heap growth. Please use -XX:HeapBaseMinAddress
#     to set the Java Heap base and to place the Java Heap above 4GB virtual address.
# This output file may be truncated or incomplete.
#
#  Out of Memory Error (arena.cpp:189), pid=6420, tid=12348
#
# JRE version: OpenJDK Runtime Environment Temurin-17.0.4.1+1 (17.0.4.1+1) (build 17.0.4.1+1)
# Java VM: OpenJDK 64-Bit Server VM Temurin-17.0.4.1+1 (17.0.4.1+1, mixed mode, tiered, compressed oops, compressed class ptrs, g1 gc, windows-amd64)
# No core dump will be written. Minidumps are not enabled by default on client versions of Windows
#

---------------  S U M M A R Y ------------

Command Line: -ea -Dfile.encoding=UTF-8 -XX:+ShowCodeDetailsInExceptionMessages -Xmx512M org.eclipse.jdt.internal.junit.runner.RemoteTestRunner -version 3 -port 8770 -testLoaderClass org.eclipse.jdt.internal.junit5.runner.JUnit5TestLoader -loaderpluginname org.eclipse.jdt.junit5.runtime -classNames com.mario.gtest.service.BookReviewServiceImplTest

Host: Intel(R) Core(TM) i5-8265U CPU @ 1.60GHz, 8 cores, 7G,  Windows 10 , 64 bit Build 19041 (10.0.19041.1889)
Time: Tue Nov 15 16:07:15 2022 India Standard Time elapsed time: 2.019203 seconds (0d 0h 0m 2s)

---------------  T H R E A D  ---------------

Current thread (0x000001d6fcb41ac0):  JavaThread "C2 CompilerThread1" daemon [_thread_in_native, id=12348, stack(0x000000af13e00000,0x000000af13f00000)]


Current CompileTask:
C2:   2019  424  s!   4       jdk.internal.loader.URLClassPath::getLoader (194 bytes)

Stack: [0x000000af13e00000,0x000000af13f00000]
Native frames: (J=compiled Java code, j=interpreted, Vv=VM code, C=native code)
V  [jvm.dll+0x67731a]
V  [jvm.dll+0x832284]
V  [jvm.dll+0x833a2e]
V  [jvm.dll+0x834093]
V  [jvm.dll+0x245775]
V  [jvm.dll+0xabd7b]
V  [jvm.dll+0xac30c]
V  [jvm.dll+0x2ac80f]
V  [jvm.dll+0x57dd77]
V  [jvm.dll+0x220892]
V  [jvm.dll+0x219d3f]
V  [jvm.dll+0x21799b]
V  [jvm.dll+0x1a3f8d]
V  [jvm.dll+0x227498]
V  [jvm.dll+0x2255e5]
V  [jvm.dll+0x7e7e9b]
V  [jvm.dll+0x7e240a]
V  [jvm.dll+0x6761a5]
C  [ucrtbase.dll+0x21bb2]
C  [KERNEL32.DLL+0x17034]
C  [ntdll.dll+0x526a1]


---------------  P R O C E S S  ---------------

Threads class SMR info:
_java_thread_list=0x000001d6fca0c4a0, length=13, elements={
0x000001d6f25a8d20, 0x000001d6fbbbc7d0, 0x000001d6fbbbef70, 0x000001d6fbbe1560,
0x000001d6fbbe1cf0, 0x000001d6fbbe3330, 0x000001d6fbc1d510, 0x000001d6fbc1dd10,
0x000001d6fbc1e220, 0x000001d6fbc1f740, 0x000001d6fc98ee40, 0x000001d6fc9b1630,
0x000001d6fcb41ac0
}

Java Threads: ( => current thread )
  0x000001d6f25a8d20 JavaThread "main" [_thread_in_vm, id=1604, stack(0x000000af12b00000,0x000000af12c00000)]
  0x000001d6fbbbc7d0 JavaThread "Reference Handler" daemon [_thread_blocked, id=15736, stack(0x000000af13200000,0x000000af13300000)]
  0x000001d6fbbbef70 JavaThread "Finalizer" daemon [_thread_blocked, id=4384, stack(0x000000af13300000,0x000000af13400000)]
  0x000001d6fbbe1560 JavaThread "Signal Dispatcher" daemon [_thread_blocked, id=4036, stack(0x000000af13400000,0x000000af13500000)]
  0x000001d6fbbe1cf0 JavaThread "Attach Listener" daemon [_thread_blocked, id=11648, stack(0x000000af13500000,0x000000af13600000)]
  0x000001d6fbbe3330 JavaThread "Service Thread" daemon [_thread_blocked, id=10100, stack(0x000000af13600000,0x000000af13700000)]
  0x000001d6fbc1d510 JavaThread "Monitor Deflation Thread" daemon [_thread_blocked, id=2288, stack(0x000000af13700000,0x000000af13800000)]
  0x000001d6fbc1dd10 JavaThread "C2 CompilerThread0" daemon [_thread_in_native, id=8708, stack(0x000000af13800000,0x000000af13900000)]
  0x000001d6fbc1e220 JavaThread "C1 CompilerThread0" daemon [_thread_blocked, id=11240, stack(0x000000af13900000,0x000000af13a00000)]
  0x000001d6fbc1f740 JavaThread "Sweeper thread" daemon [_thread_blocked, id=6460, stack(0x000000af13a00000,0x000000af13b00000)]
  0x000001d6fc98ee40 JavaThread "Notification Thread" daemon [_thread_blocked, id=12544, stack(0x000000af13b00000,0x000000af13c00000)]
  0x000001d6fc9b1630 JavaThread "Common-Cleaner" daemon [_thread_blocked, id=16372, stack(0x000000af13d00000,0x000000af13e00000)]
=>0x000001d6fcb41ac0 JavaThread "C2 CompilerThread1" daemon [_thread_in_native, id=12348, stack(0x000000af13e00000,0x000000af13f00000)]

Other Threads:
  0x000001d6fbbd5640 VMThread "VM Thread" [stack: 0x000000af13100000,0x000000af13200000] [id=15680]
  0x000001d6fc98f310 WatcherThread [stack: 0x000000af13c00000,0x000000af13d00000] [id=3716]
  0x000001d6f25d87d0 GCTaskThread "GC Thread#0" [stack: 0x000000af12c00000,0x000000af12d00000] [id=1568]
  0x000001d6f25dd620 ConcurrentGCThread "G1 Main Marker" [stack: 0x000000af12d00000,0x000000af12e00000] [id=16224]
  0x000001d6f25e0700 ConcurrentGCThread "G1 Conc#0" [stack: 0x000000af12e00000,0x000000af12f00000] [id=12008]
  0x000001d6f266a800 ConcurrentGCThread "G1 Refine#0" [stack: 0x000000af12f00000,0x000000af13000000] [id=13096]
  0x000001d6f266cc50 ConcurrentGCThread "G1 Service" [stack: 0x000000af13000000,0x000000af13100000] [id=11324]

Threads with active compile tasks:
C2 CompilerThread0     2034  428   !   4       jdk.internal.loader.URLClassPath$JarLoader::getResource (65 bytes)
C2 CompilerThread1     2034  424  s!   4       jdk.internal.loader.URLClassPath::getLoader (194 bytes)

VM state: not at safepoint (normal execution)

VM Mutex/Monitor currently owned by a thread: None

Heap address: 0x00000000e0000000, size: 512 MB, Compressed Oops mode: 32-bit

CDS archive(s) not mapped
Compressed class space mapped at: 0x0000000100000000-0x0000000140000000, reserved size: 1073741824
Narrow klass base: 0x0000000000000000, Narrow klass shift: 3, Narrow klass range: 0x140000000

GC Precious Log:
 CPUs: 8 total, 8 available
 Memory: 8072M
 Large Page Support: Disabled
 NUMA Support: Disabled
 Compressed Oops: Enabled (32-bit)
 Heap Region Size: 1M
 Heap Min Capacity: 8M
 Heap Initial Capacity: 128M
 Heap Max Capacity: 512M
 Pre-touch: Disabled
 Parallel Workers: 8
 Concurrent Workers: 2
 Concurrent Refinement Workers: 8
 Periodic GC: Disabled

Heap:
 garbage-first heap   total 131072K, used 9216K [0x00000000e0000000, 0x0000000100000000)
  region size 1024K, 10 young (10240K), 0 survivors (0K)
 Metaspace       used 7803K, committed 8000K, reserved 1056768K
  class space    used 682K, committed 768K, reserved 1048576K

Heap Regions: E=young(eden), S=young(survivor), O=old, HS=humongous(starts), HC=humongous(continues), CS=collection set, F=free, OA=open archive, CA=closed archive, TAMS=top-at-mark-start (previous, next)
|   0|0x00000000e0000000, 0x00000000e0100000, 0x00000000e0100000|100%|HS|  |TAMS 0x00000000e0000000, 0x00000000e0000000| Complete 
|   1|0x00000000e0100000, 0x00000000e0100000, 0x00000000e0200000|  0%| F|  |TAMS 0x00000000e0100000, 0x00000000e0100000| Untracked 
|   2|0x00000000e0200000, 0x00000000e0200000, 0x00000000e0300000|  0%| F|  |TAMS 0x00000000e0200000, 0x00000000e0200000| Untracked 
|   3|0x00000000e0300000, 0x00000000e0300000, 0x00000000e0400000|  0%| F|  |TAMS 0x00000000e0300000, 0x00000000e0300000| Untracked 
|   4|0x00000000e0400000, 0x00000000e0400000, 0x00000000e0500000|  0%| F|  |TAMS 0x00000000e0400000, 0x00000000e0400000| Untracked 
|   5|0x00000000e0500000, 0x00000000e0500000, 0x00000000e0600000|  0%| F|  |TAMS 0x00000000e0500000, 0x00000000e0500000| Untracked 
|   6|0x00000000e0600000, 0x00000000e0600000, 0x00000000e0700000|  0%| F|  |TAMS 0x00000000e0600000, 0x00000000e0600000| Untracked 
|   7|0x00000000e0700000, 0x00000000e0700000, 0x00000000e0800000|  0%| F|  |TAMS 0x00000000e0700000, 0x00000000e0700000| Untracked 
|   8|0x00000000e0800000, 0x00000000e0800000, 0x00000000e0900000|  0%| F|  |TAMS 0x00000000e0800000, 0x00000000e0800000| Untracked 
|   9|0x00000000e0900000, 0x00000000e0900000, 0x00000000e0a00000|  0%| F|  |TAMS 0x00000000e0900000, 0x00000000e0900000| Untracked 
|  10|0x00000000e0a00000, 0x00000000e0a00000, 0x00000000e0b00000|  0%| F|  |TAMS 0x00000000e0a00000, 0x00000000e0a00000| Untracked 
|  11|0x00000000e0b00000, 0x00000000e0b00000, 0x00000000e0c00000|  0%| F|  |TAMS 0x00000000e0b00000, 0x00000000e0b00000| Untracked 
|  12|0x00000000e0c00000, 0x00000000e0c00000, 0x00000000e0d00000|  0%| F|  |TAMS 0x00000000e0c00000, 0x00000000e0c00000| Untracked 
|  13|0x00000000e0d00000, 0x00000000e0d00000, 0x00000000e0e00000|  0%| F|  |TAMS 0x00000000e0d00000, 0x00000000e0d00000| Untracked 
|  14|0x00000000e0e00000, 0x00000000e0e00000, 0x00000000e0f00000|  0%| F|  |TAMS 0x00000000e0e00000, 0x00000000e0e00000| Untracked 
|  15|0x00000000e0f00000, 0x00000000e0f00000, 0x00000000e1000000|  0%| F|  |TAMS 0x00000000e0f00000, 0x00000000e0f00000| Untracked 
|  16|0x00000000e1000000, 0x00000000e1000000, 0x00000000e1100000|  0%| F|  |TAMS 0x00000000e1000000, 0x00000000e1000000| Untracked 
|  17|0x00000000e1100000, 0x00000000e1100000, 0x00000000e1200000|  0%| F|  |TAMS 0x00000000e1100000, 0x00000000e1100000| Untracked 
|  18|0x00000000e1200000, 0x00000000e1200000, 0x00000000e1300000|  0%| F|  |TAMS 0x00000000e1200000, 0x00000000e1200000| Untracked 
|  19|0x00000000e1300000, 0x00000000e1300000, 0x00000000e1400000|  0%| F|  |TAMS 0x00000000e1300000, 0x00000000e1300000| Untracked 
|  20|0x00000000e1400000, 0x00000000e1400000, 0x00000000e1500000|  0%| F|  |TAMS 0x00000000e1400000, 0x00000000e1400000| Untracked 
|  21|0x00000000e1500000, 0x00000000e1500000, 0x00000000e1600000|  0%| F|  |TAMS 0x00000000e1500000, 0x00000000e1500000| Untracked 
|  22|0x00000000e1600000, 0x00000000e1600000, 0x00000000e1700000|  0%| F|  |TAMS 0x00000000e1600000, 0x00000000e1600000| Untracked 
|  23|0x00000000e1700000, 0x00000000e1700000, 0x00000000e1800000|  0%| F|  |TAMS 0x00000000e1700000, 0x00000000e1700000| Untracked 
|  24|0x00000000e1800000, 0x00000000e1800000, 0x00000000e1900000|  0%| F|  |TAMS 0x00000000e1800000, 0x00000000e1800000| Untracked 
|  25|0x00000000e1900000, 0x00000000e1900000, 0x00000000e1a00000|  0%| F|  |TAMS 0x00000000e1900000, 0x00000000e1900000| Untracked 
|  26|0x00000000e1a00000, 0x00000000e1a00000, 0x00000000e1b00000|  0%| F|  |TAMS 0x00000000e1a00000, 0x00000000e1a00000| Untracked 
|  27|0x00000000e1b00000, 0x00000000e1b00000, 0x00000000e1c00000|  0%| F|  |TAMS 0x00000000e1b00000, 0x00000000e1b00000| Untracked 
|  28|0x00000000e1c00000, 0x00000000e1c00000, 0x00000000e1d00000|  0%| F|  |TAMS 0x00000000e1c00000, 0x00000000e1c00000| Untracked 
|  29|0x00000000e1d00000, 0x00000000e1d00000, 0x00000000e1e00000|  0%| F|  |TAMS 0x00000000e1d00000, 0x00000000e1d00000| Untracked 
|  30|0x00000000e1e00000, 0x00000000e1e00000, 0x00000000e1f00000|  0%| F|  |TAMS 0x00000000e1e00000, 0x00000000e1e00000| Untracked 
|  31|0x00000000e1f00000, 0x00000000e1f00000, 0x00000000e2000000|  0%| F|  |TAMS 0x00000000e1f00000, 0x00000000e1f00000| Untracked 
|  32|0x00000000e2000000, 0x00000000e2000000, 0x00000000e2100000|  0%| F|  |TAMS 0x00000000e2000000, 0x00000000e2000000| Untracked 
|  33|0x00000000e2100000, 0x00000000e2100000, 0x00000000e2200000|  0%| F|  |TAMS 0x00000000e2100000, 0x00000000e2100000| Untracked 
|  34|0x00000000e2200000, 0x00000000e2200000, 0x00000000e2300000|  0%| F|  |TAMS 0x00000000e2200000, 0x00000000e2200000| Untracked 
|  35|0x00000000e2300000, 0x00000000e2300000, 0x00000000e2400000|  0%| F|  |TAMS 0x00000000e2300000, 0x00000000e2300000| Untracked 
|  36|0x00000000e2400000, 0x00000000e2400000, 0x00000000e2500000|  0%| F|  |TAMS 0x00000000e2400000, 0x00000000e2400000| Untracked 
|  37|0x00000000e2500000, 0x00000000e2500000, 0x00000000e2600000|  0%| F|  |TAMS 0x00000000e2500000, 0x00000000e2500000| Untracked 
|  38|0x00000000e2600000, 0x00000000e2600000, 0x00000000e2700000|  0%| F|  |TAMS 0x00000000e2600000, 0x00000000e2600000| Untracked 
|  39|0x00000000e2700000, 0x00000000e2700000, 0x00000000e2800000|  0%| F|  |TAMS 0x00000000e2700000, 0x00000000e2700000| Untracked 
|  40|0x00000000e2800000, 0x00000000e2800000, 0x00000000e2900000|  0%| F|  |TAMS 0x00000000e2800000, 0x00000000e2800000| Untracked 
|  41|0x00000000e2900000, 0x00000000e2900000, 0x00000000e2a00000|  0%| F|  |TAMS 0x00000000e2900000, 0x00000000e2900000| Untracked 
|  42|0x00000000e2a00000, 0x00000000e2a00000, 0x00000000e2b00000|  0%| F|  |TAMS 0x00000000e2a00000, 0x00000000e2a00000| Untracked 
|  43|0x00000000e2b00000, 0x00000000e2b00000, 0x00000000e2c00000|  0%| F|  |TAMS 0x00000000e2b00000, 0x00000000e2b00000| Untracked 
|  44|0x00000000e2c00000, 0x00000000e2c00000, 0x00000000e2d00000|  0%| F|  |TAMS 0x00000000e2c00000, 0x00000000e2c00000| Untracked 
|  45|0x00000000e2d00000, 0x00000000e2d00000, 0x00000000e2e00000|  0%| F|  |TAMS 0x00000000e2d00000, 0x00000000e2d00000| Untracked 
|  46|0x00000000e2e00000, 0x00000000e2e00000, 0x00000000e2f00000|  0%| F|  |TAMS 0x00000000e2e00000, 0x00000000e2e00000| Untracked 
|  47|0x00000000e2f00000, 0x00000000e2f00000, 0x00000000e3000000|  0%| F|  |TAMS 0x00000000e2f00000, 0x00000000e2f00000| Untracked 
|  48|0x00000000e3000000, 0x00000000e3000000, 0x00000000e3100000|  0%| F|  |TAMS 0x00000000e3000000, 0x00000000e3000000| Untracked 
|  49|0x00000000e3100000, 0x00000000e3100000, 0x00000000e3200000|  0%| F|  |TAMS 0x00000000e3100000, 0x00000000e3100000| Untracked 
|  50|0x00000000e3200000, 0x00000000e3200000, 0x00000000e3300000|  0%| F|  |TAMS 0x00000000e3200000, 0x00000000e3200000| Untracked 
|  51|0x00000000e3300000, 0x00000000e3300000, 0x00000000e3400000|  0%| F|  |TAMS 0x00000000e3300000, 0x00000000e3300000| Untracked 
|  52|0x00000000e3400000, 0x00000000e3400000, 0x00000000e3500000|  0%| F|  |TAMS 0x00000000e3400000, 0x00000000e3400000| Untracked 
|  53|0x00000000e3500000, 0x00000000e3500000, 0x00000000e3600000|  0%| F|  |TAMS 0x00000000e3500000, 0x00000000e3500000| Untracked 
|  54|0x00000000e3600000, 0x00000000e3600000, 0x00000000e3700000|  0%| F|  |TAMS 0x00000000e3600000, 0x00000000e3600000| Untracked 
|  55|0x00000000e3700000, 0x00000000e3700000, 0x00000000e3800000|  0%| F|  |TAMS 0x00000000e3700000, 0x00000000e3700000| Untracked 
|  56|0x00000000e3800000, 0x00000000e3800000, 0x00000000e3900000|  0%| F|  |TAMS 0x00000000e3800000, 0x00000000e3800000| Untracked 
|  57|0x00000000e3900000, 0x00000000e3900000, 0x00000000e3a00000|  0%| F|  |TAMS 0x00000000e3900000, 0x00000000e3900000| Untracked 
|  58|0x00000000e3a00000, 0x00000000e3a00000, 0x00000000e3b00000|  0%| F|  |TAMS 0x00000000e3a00000, 0x00000000e3a00000| Untracked 
|  59|0x00000000e3b00000, 0x00000000e3b00000, 0x00000000e3c00000|  0%| F|  |TAMS 0x00000000e3b00000, 0x00000000e3b00000| Untracked 
|  60|0x00000000e3c00000, 0x00000000e3c00000, 0x00000000e3d00000|  0%| F|  |TAMS 0x00000000e3c00000, 0x00000000e3c00000| Untracked 
|  61|0x00000000e3d00000, 0x00000000e3d00000, 0x00000000e3e00000|  0%| F|  |TAMS 0x00000000e3d00000, 0x00000000e3d00000| Untracked 
|  62|0x00000000e3e00000, 0x00000000e3e00000, 0x00000000e3f00000|  0%| F|  |TAMS 0x00000000e3e00000, 0x00000000e3e00000| Untracked 
|  63|0x00000000e3f00000, 0x00000000e3f00000, 0x00000000e4000000|  0%| F|  |TAMS 0x00000000e3f00000, 0x00000000e3f00000| Untracked 
|  64|0x00000000e4000000, 0x00000000e4000000, 0x00000000e4100000|  0%| F|  |TAMS 0x00000000e4000000, 0x00000000e4000000| Untracked 
|  65|0x00000000e4100000, 0x00000000e4100000, 0x00000000e4200000|  0%| F|  |TAMS 0x00000000e4100000, 0x00000000e4100000| Untracked 
|  66|0x00000000e4200000, 0x00000000e4200000, 0x00000000e4300000|  0%| F|  |TAMS 0x00000000e4200000, 0x00000000e4200000| Untracked 
|  67|0x00000000e4300000, 0x00000000e4300000, 0x00000000e4400000|  0%| F|  |TAMS 0x00000000e4300000, 0x00000000e4300000| Untracked 
|  68|0x00000000e4400000, 0x00000000e4400000, 0x00000000e4500000|  0%| F|  |TAMS 0x00000000e4400000, 0x00000000e4400000| Untracked 
|  69|0x00000000e4500000, 0x00000000e4500000, 0x00000000e4600000|  0%| F|  |TAMS 0x00000000e4500000, 0x00000000e4500000| Untracked 
|  70|0x00000000e4600000, 0x00000000e4600000, 0x00000000e4700000|  0%| F|  |TAMS 0x00000000e4600000, 0x00000000e4600000| Untracked 
|  71|0x00000000e4700000, 0x00000000e4700000, 0x00000000e4800000|  0%| F|  |TAMS 0x00000000e4700000, 0x00000000e4700000| Untracked 
|  72|0x00000000e4800000, 0x00000000e4800000, 0x00000000e4900000|  0%| F|  |TAMS 0x00000000e4800000, 0x00000000e4800000| Untracked 
|  73|0x00000000e4900000, 0x00000000e4900000, 0x00000000e4a00000|  0%| F|  |TAMS 0x00000000e4900000, 0x00000000e4900000| Untracked 
|  74|0x00000000e4a00000, 0x00000000e4a00000, 0x00000000e4b00000|  0%| F|  |TAMS 0x00000000e4a00000, 0x00000000e4a00000| Untracked 
|  75|0x00000000e4b00000, 0x00000000e4b00000, 0x00000000e4c00000|  0%| F|  |TAMS 0x00000000e4b00000, 0x00000000e4b00000| Untracked 
|  76|0x00000000e4c00000, 0x00000000e4c00000, 0x00000000e4d00000|  0%| F|  |TAMS 0x00000000e4c00000, 0x00000000e4c00000| Untracked 
|  77|0x00000000e4d00000, 0x00000000e4d00000, 0x00000000e4e00000|  0%| F|  |TAMS 0x00000000e4d00000, 0x00000000e4d00000| Untracked 
|  78|0x00000000e4e00000, 0x00000000e4e00000, 0x00000000e4f00000|  0%| F|  |TAMS 0x00000000e4e00000, 0x00000000e4e00000| Untracked 
|  79|0x00000000e4f00000, 0x00000000e4f00000, 0x00000000e5000000|  0%| F|  |TAMS 0x00000000e4f00000, 0x00000000e4f00000| Untracked 
|  80|0x00000000e5000000, 0x00000000e5000000, 0x00000000e5100000|  0%| F|  |TAMS 0x00000000e5000000, 0x00000000e5000000| Untracked 
|  81|0x00000000e5100000, 0x00000000e5100000, 0x00000000e5200000|  0%| F|  |TAMS 0x00000000e5100000, 0x00000000e5100000| Untracked 
|  82|0x00000000e5200000, 0x00000000e5200000, 0x00000000e5300000|  0%| F|  |TAMS 0x00000000e5200000, 0x00000000e5200000| Untracked 
|  83|0x00000000e5300000, 0x00000000e5300000, 0x00000000e5400000|  0%| F|  |TAMS 0x00000000e5300000, 0x00000000e5300000| Untracked 
|  84|0x00000000e5400000, 0x00000000e5400000, 0x00000000e5500000|  0%| F|  |TAMS 0x00000000e5400000, 0x00000000e5400000| Untracked 
|  85|0x00000000e5500000, 0x00000000e5500000, 0x00000000e5600000|  0%| F|  |TAMS 0x00000000e5500000, 0x00000000e5500000| Untracked 
|  86|0x00000000e5600000, 0x00000000e5600000, 0x00000000e5700000|  0%| F|  |TAMS 0x00000000e5600000, 0x00000000e5600000| Untracked 
|  87|0x00000000e5700000, 0x00000000e5700000, 0x00000000e5800000|  0%| F|  |TAMS 0x00000000e5700000, 0x00000000e5700000| Untracked 
|  88|0x00000000e5800000, 0x00000000e5800000, 0x00000000e5900000|  0%| F|  |TAMS 0x00000000e5800000, 0x00000000e5800000| Untracked 
|  89|0x00000000e5900000, 0x00000000e5900000, 0x00000000e5a00000|  0%| F|  |TAMS 0x00000000e5900000, 0x00000000e5900000| Untracked 
|  90|0x00000000e5a00000, 0x00000000e5a00000, 0x00000000e5b00000|  0%| F|  |TAMS 0x00000000e5a00000, 0x00000000e5a00000| Untracked 
|  91|0x00000000e5b00000, 0x00000000e5b00000, 0x00000000e5c00000|  0%| F|  |TAMS 0x00000000e5b00000, 0x00000000e5b00000| Untracked 
|  92|0x00000000e5c00000, 0x00000000e5c00000, 0x00000000e5d00000|  0%| F|  |TAMS 0x00000000e5c00000, 0x00000000e5c00000| Untracked 
|  93|0x00000000e5d00000, 0x00000000e5d00000, 0x00000000e5e00000|  0%| F|  |TAMS 0x00000000e5d00000, 0x00000000e5d00000| Untracked 
|  94|0x00000000e5e00000, 0x00000000e5e00000, 0x00000000e5f00000|  0%| F|  |TAMS 0x00000000e5e00000, 0x00000000e5e00000| Untracked 
|  95|0x00000000e5f00000, 0x00000000e5f00000, 0x00000000e6000000|  0%| F|  |TAMS 0x00000000e5f00000, 0x00000000e5f00000| Untracked 
|  96|0x00000000e6000000, 0x00000000e6000000, 0x00000000e6100000|  0%| F|  |TAMS 0x00000000e6000000, 0x00000000e6000000| Untracked 
|  97|0x00000000e6100000, 0x00000000e6100000, 0x00000000e6200000|  0%| F|  |TAMS 0x00000000e6100000, 0x00000000e6100000| Untracked 
|  98|0x00000000e6200000, 0x00000000e6200000, 0x00000000e6300000|  0%| F|  |TAMS 0x00000000e6200000, 0x00000000e6200000| Untracked 
|  99|0x00000000e6300000, 0x00000000e6300000, 0x00000000e6400000|  0%| F|  |TAMS 0x00000000e6300000, 0x00000000e6300000| Untracked 
| 100|0x00000000e6400000, 0x00000000e6400000, 0x00000000e6500000|  0%| F|  |TAMS 0x00000000e6400000, 0x00000000e6400000| Untracked 
| 101|0x00000000e6500000, 0x00000000e6500000, 0x00000000e6600000|  0%| F|  |TAMS 0x00000000e6500000, 0x00000000e6500000| Untracked 
| 102|0x00000000e6600000, 0x00000000e6600000, 0x00000000e6700000|  0%| F|  |TAMS 0x00000000e6600000, 0x00000000e6600000| Untracked 
| 103|0x00000000e6700000, 0x00000000e6700000, 0x00000000e6800000|  0%| F|  |TAMS 0x00000000e6700000, 0x00000000e6700000| Untracked 
| 104|0x00000000e6800000, 0x00000000e6800000, 0x00000000e6900000|  0%| F|  |TAMS 0x00000000e6800000, 0x00000000e6800000| Untracked 
| 105|0x00000000e6900000, 0x00000000e6900000, 0x00000000e6a00000|  0%| F|  |TAMS 0x00000000e6900000, 0x00000000e6900000| Untracked 
| 106|0x00000000e6a00000, 0x00000000e6a00000, 0x00000000e6b00000|  0%| F|  |TAMS 0x00000000e6a00000, 0x00000000e6a00000| Untracked 
| 107|0x00000000e6b00000, 0x00000000e6b00000, 0x00000000e6c00000|  0%| F|  |TAMS 0x00000000e6b00000, 0x00000000e6b00000| Untracked 
| 108|0x00000000e6c00000, 0x00000000e6c00000, 0x00000000e6d00000|  0%| F|  |TAMS 0x00000000e6c00000, 0x00000000e6c00000| Untracked 
| 109|0x00000000e6d00000, 0x00000000e6d00000, 0x00000000e6e00000|  0%| F|  |TAMS 0x00000000e6d00000, 0x00000000e6d00000| Untracked 
| 110|0x00000000e6e00000, 0x00000000e6e00000, 0x00000000e6f00000|  0%| F|  |TAMS 0x00000000e6e00000, 0x00000000e6e00000| Untracked 
| 111|0x00000000e6f00000, 0x00000000e6f00000, 0x00000000e7000000|  0%| F|  |TAMS 0x00000000e6f00000, 0x00000000e6f00000| Untracked 
| 112|0x00000000e7000000, 0x00000000e7000000, 0x00000000e7100000|  0%| F|  |TAMS 0x00000000e7000000, 0x00000000e7000000| Untracked 
| 113|0x00000000e7100000, 0x00000000e7100000, 0x00000000e7200000|  0%| F|  |TAMS 0x00000000e7100000, 0x00000000e7100000| Untracked 
| 114|0x00000000e7200000, 0x00000000e7200000, 0x00000000e7300000|  0%| F|  |TAMS 0x00000000e7200000, 0x00000000e7200000| Untracked 
| 115|0x00000000e7300000, 0x00000000e7300000, 0x00000000e7400000|  0%| F|  |TAMS 0x00000000e7300000, 0x00000000e7300000| Untracked 
| 116|0x00000000e7400000, 0x00000000e7400000, 0x00000000e7500000|  0%| F|  |TAMS 0x00000000e7400000, 0x00000000e7400000| Untracked 
| 117|0x00000000e7500000, 0x00000000e7500000, 0x00000000e7600000|  0%| F|  |TAMS 0x00000000e7500000, 0x00000000e7500000| Untracked 
| 118|0x00000000e7600000, 0x00000000e76764f8, 0x00000000e7700000| 46%| E|  |TAMS 0x00000000e7600000, 0x00000000e7600000| Complete 
| 119|0x00000000e7700000, 0x00000000e7800000, 0x00000000e7800000|100%| E|CS|TAMS 0x00000000e7700000, 0x00000000e7700000| Complete 
| 120|0x00000000e7800000, 0x00000000e7900000, 0x00000000e7900000|100%| E|CS|TAMS 0x00000000e7800000, 0x00000000e7800000| Complete 
| 121|0x00000000e7900000, 0x00000000e7a00000, 0x00000000e7a00000|100%| E|CS|TAMS 0x00000000e7900000, 0x00000000e7900000| Complete 
| 122|0x00000000e7a00000, 0x00000000e7affa00, 0x00000000e7b00000| 99%| E|  |TAMS 0x00000000e7a00000, 0x00000000e7a00000| Complete 
| 123|0x00000000e7b00000, 0x00000000e7c00000, 0x00000000e7c00000|100%| E|CS|TAMS 0x00000000e7b00000, 0x00000000e7b00000| Complete 
| 124|0x00000000e7c00000, 0x00000000e7d00000, 0x00000000e7d00000|100%| E|CS|TAMS 0x00000000e7c00000, 0x00000000e7c00000| Complete 
| 125|0x00000000e7d00000, 0x00000000e7e00000, 0x00000000e7e00000|100%| E|CS|TAMS 0x00000000e7d00000, 0x00000000e7d00000| Complete 
| 126|0x00000000e7e00000, 0x00000000e7f00000, 0x00000000e7f00000|100%| E|CS|TAMS 0x00000000e7e00000, 0x00000000e7e00000| Complete 
| 127|0x00000000e7f00000, 0x00000000e8000000, 0x00000000e8000000|100%| E|CS|TAMS 0x00000000e7f00000, 0x00000000e7f00000| Complete 

Card table byte_map: [0x000001d6f7fb0000,0x000001d6f80b0000] _byte_map_base: 0x000001d6f78b0000

Marking Bits (Prev, Next): (CMBitMap*) 0x000001d6f25d8cf0, (CMBitMap*) 0x000001d6f25d8d30
 Prev Bits: [0x000001d6f81b0000, 0x000001d6f89b0000)
 Next Bits: [0x000001d6f89b0000, 0x000001d6f91b0000)

Polling page: 0x000001d6f2440000

Metaspace:

Usage:
  Non-class:      7.00 MB used.
      Class:    687.27 KB used.
       Both:      7.67 MB used.

Virtual space:
  Non-class space:        8.00 MB reserved,       7.06 MB ( 88%) committed,  1 nodes.
      Class space:        1.00 GB reserved,     768.00 KB ( <1%) committed,  1 nodes.
             Both:        1.01 GB reserved,       7.81 MB ( <1%) committed. 

Chunk freelists:
   Non-Class:  814.00 KB
       Class:  3.20 MB
        Both:  4.00 MB

MaxMetaspaceSize: unlimited
CompressedClassSpaceSize: 1.00 GB
Initial GC threshold: 21.00 MB
Current GC threshold: 21.00 MB
CDS: off
MetaspaceReclaimPolicy: balanced
 - commit_granule_bytes: 65536.
 - commit_granule_words: 8192.
 - virtual_space_node_default_size: 1048576.
 - enlarge_chunks_in_place: 1.
 - new_chunks_are_fully_committed: 0.
 - uncommit_free_chunks: 1.
 - use_allocation_guard: 0.
 - handle_deallocations: 1.


Internal statistics:

num_allocs_failed_limit: 0.
num_arena_births: 12.
num_arena_deaths: 0.
num_vsnodes_births: 2.
num_vsnodes_deaths: 0.
num_space_committed: 125.
num_space_uncommitted: 0.
num_chunks_returned_to_freelist: 0.
num_chunks_taken_from_freelist: 51.
num_chunk_merges: 0.
num_chunk_splits: 23.
num_chunks_enlarged: 15.
num_purges: 0.
num_inconsistent_stats: 0.

CodeHeap 'non-profiled nmethods': size=120000Kb used=141Kb max_used=141Kb free=119858Kb
 bounds [0x000001d687ad0000, 0x000001d687d40000, 0x000001d68f000000]
CodeHeap 'profiled nmethods': size=120000Kb used=770Kb max_used=770Kb free=119230Kb
 bounds [0x000001d6805a0000, 0x000001d680810000, 0x000001d687ad0000]
CodeHeap 'non-nmethods': size=5760Kb used=1117Kb max_used=1121Kb free=4642Kb
 bounds [0x000001d680000000, 0x000001d680270000, 0x000001d6805a0000]
 total_blobs=856 nmethods=462 adapters=307
 compilation: enabled
              stopped_count=0, restarted_count=0
 full_count=0

Compilation events (20 events):
Event: 0.352 Thread 0x000001d6fbc1dd10  415   !   4       java.util.zip.ZipFile$Source::getEntryPos (173 bytes)
Event: 0.353 Thread 0x000001d6fcb41ac0 nmethod 404 0x000001d687aefa90 code [0x000001d687aefc40, 0x000001d687af0208]
Event: 0.361 Thread 0x000001d6fcb41ac0  423   !   4       jdk.internal.loader.URLClassPath$JarLoader::ensureOpen (36 bytes)
Event: 0.365 Thread 0x000001d6fcb41ac0 nmethod 423 0x000001d687af0510 code [0x000001d687af06c0, 0x000001d687af0858]
Event: 0.365 Thread 0x000001d6fcb41ac0  424  s!   4       jdk.internal.loader.URLClassPath::getLoader (194 bytes)
Event: 0.366 Thread 0x000001d6fbc1e220 nmethod 412 0x000001d680638b10 code [0x000001d680639c40, 0x000001d6806441e8]
Event: 0.366 Thread 0x000001d6fbc1e220  414       3       jdk.internal.org.objectweb.asm.Symbol::<init> (38 bytes)
Event: 0.366 Thread 0x000001d6fbc1e220 nmethod 414 0x000001d680648110 code [0x000001d6806482c0, 0x000001d680648558]
Event: 0.366 Thread 0x000001d6fbc1e220  420       3       java.lang.String::toString (2 bytes)
Event: 0.366 Thread 0x000001d6fbc1e220 nmethod 420 0x000001d680648610 code [0x000001d6806487a0, 0x000001d6806488b8]
Event: 0.366 Thread 0x000001d6fbc1e220  418       3       jdk.internal.org.objectweb.asm.SymbolTable::put (150 bytes)
Event: 0.367 Thread 0x000001d6fbc1e220 nmethod 418 0x000001d680648990 code [0x000001d680648b80, 0x000001d6806493d8]
Event: 0.367 Thread 0x000001d6fbc1e220  413   !   3       java.net.URL::set (114 bytes)
Event: 0.367 Thread 0x000001d6fbc1e220 nmethod 413 0x000001d680649690 code [0x000001d6806498e0, 0x000001d68064a398]
Event: 0.367 Thread 0x000001d6fbc1e220  419       3       jdk.internal.org.objectweb.asm.SymbolTable$Entry::<init> (17 bytes)
Event: 0.367 Thread 0x000001d6fbc1e220 nmethod 419 0x000001d68064a710 code [0x000001d68064a8c0, 0x000001d68064aa48]
Event: 0.367 Thread 0x000001d6fbc1e220  421       1       java.lang.invoke.MethodHandles$Lookup::lookupClass (5 bytes)
Event: 0.368 Thread 0x000001d6fbc1e220 nmethod 421 0x000001d687af0990 code [0x000001d687af0b20, 0x000001d687af0bf8]
Event: 0.368 Thread 0x000001d6fbc1e220  422       1       java.lang.invoke.MethodType$ConcurrentWeakInternSet$WeakEntry::hashCode (5 bytes)
Event: 0.368 Thread 0x000001d6fbc1e220 nmethod 422 0x000001d687af0c90 code [0x000001d687af0e20, 0x000001d687af0ef8]

GC Heap History (0 events):
No events

Deoptimization events (20 events):
Event: 0.147 Thread 0x000001d6f25a8d20 Uncommon trap: trap_request=0xffffff45 fr.pc=0x000001d687ad15f8 relative=0x0000000000000078
Event: 0.147 Thread 0x000001d6f25a8d20 Uncommon trap: reason=unstable_if action=reinterpret pc=0x000001d687ad15f8 method=java.lang.String.isLatin1()Z @ 10 c2
Event: 0.147 Thread 0x000001d6f25a8d20 DEOPT PACKING pc=0x000001d687ad15f8 sp=0x000000af12bff2d0
Event: 0.147 Thread 0x000001d6f25a8d20 DEOPT UNPACKING pc=0x000001d6800523a3 sp=0x000000af12bff210 mode 2
Event: 0.173 Thread 0x000001d6f25a8d20 DEOPT PACKING pc=0x000001d6805a9c67 sp=0x000000af12bfdc30
Event: 0.173 Thread 0x000001d6f25a8d20 DEOPT UNPACKING pc=0x000001d680052b43 sp=0x000000af12bfd050 mode 0
Event: 0.175 Thread 0x000001d6f25a8d20 DEOPT PACKING pc=0x000001d6805a79d1 sp=0x000000af12bfe0b0
Event: 0.175 Thread 0x000001d6f25a8d20 DEOPT UNPACKING pc=0x000001d680052b43 sp=0x000000af12bfd528 mode 0
Event: 0.204 Thread 0x000001d6f25a8d20 Uncommon trap: trap_request=0xffffff45 fr.pc=0x000001d687ad79b0 relative=0x0000000000000190
Event: 0.204 Thread 0x000001d6f25a8d20 Uncommon trap: reason=unstable_if action=reinterpret pc=0x000001d687ad79b0 method=java.util.zip.ZipFile$Source.isMetaName([BII)Z @ 43 c2
Event: 0.204 Thread 0x000001d6f25a8d20 DEOPT PACKING pc=0x000001d687ad79b0 sp=0x000000af12bfdf10
Event: 0.204 Thread 0x000001d6f25a8d20 DEOPT UNPACKING pc=0x000001d6800523a3 sp=0x000000af12bfdeb8 mode 2
Event: 0.318 Thread 0x000001d6f25a8d20 DEOPT PACKING pc=0x000001d6805ce956 sp=0x000000af12bfd4e0
Event: 0.318 Thread 0x000001d6f25a8d20 DEOPT UNPACKING pc=0x000001d680052b43 sp=0x000000af12bfc980 mode 0
Event: 0.323 Thread 0x000001d6f25a8d20 Uncommon trap: trap_request=0xffffff45 fr.pc=0x000001d687ad8c64 relative=0x0000000000000064
Event: 0.323 Thread 0x000001d6f25a8d20 Uncommon trap: reason=unstable_if action=reinterpret pc=0x000001d687ad8c64 method=java.io.WinNTFileSystem.isSlash(C)Z @ 9 c2
Event: 0.323 Thread 0x000001d6f25a8d20 DEOPT PACKING pc=0x000001d687ad8c64 sp=0x000000af12bfdfe0
Event: 0.323 Thread 0x000001d6f25a8d20 DEOPT UNPACKING pc=0x000001d6800523a3 sp=0x000000af12bfdf68 mode 2
Event: 0.325 Thread 0x000001d6f25a8d20 DEOPT PACKING pc=0x000001d6805f2be5 sp=0x000000af12bfd470
Event: 0.325 Thread 0x000001d6f25a8d20 DEOPT UNPACKING pc=0x000001d680052b43 sp=0x000000af12bfc8c0 mode 0

Classes unloaded (0 events):
No events

Classes redefined (0 events):
No events

Internal exceptions (1 events):
Event: 0.352 Thread 0x000001d6f25a8d20 Exception <a 'java/lang/NoSuchMethodError'{0x00000000e7759d30}: 'void java.lang.invoke.DirectMethodHandle$Holder.invokeStatic(java.lang.Object, java.lang.Object, java.lang.Object)'> (0x00000000e7759d30) 
thrown [s\src\hotspot\share\interpreter\linkResolver.cpp, line 759]

VM Operations (4 events):
Event: 0.196 Executing VM operation: HandshakeAllThreads
Event: 0.196 Executing VM operation: HandshakeAllThreads done
Event: 0.323 Executing VM operation: HandshakeAllThreads
Event: 0.323 Executing VM operation: HandshakeAllThreads done

Events (20 events):
Event: 0.323 loading class sun/net/www/MessageHeader
Event: 0.323 loading class sun/net/www/MessageHeader done
Event: 0.323 loading class sun/net/www/protocol/jar/URLJarFile
Event: 0.323 loading class sun/net/www/protocol/jar/URLJarFile done
Event: 0.324 loading class sun/net/www/protocol/jar/URLJarFile$URLJarFileEntry
Event: 0.324 loading class sun/net/www/protocol/jar/URLJarFile$URLJarFileEntry done
Event: 0.324 loading class sun/net/www/protocol/jar/JarURLConnection$JarURLInputStream
Event: 0.324 loading class sun/net/www/protocol/jar/JarURLConnection$JarURLInputStream done
Event: 0.324 loading class java/util/LinkedHashMap$LinkedKeySet
Event: 0.324 loading class java/util/LinkedHashMap$LinkedKeySet done
Event: 0.324 loading class java/util/LinkedHashMap$LinkedKeyIterator
Event: 0.324 loading class java/util/LinkedHashMap$LinkedHashIterator
Event: 0.325 loading class java/util/LinkedHashMap$LinkedHashIterator done
Event: 0.325 loading class java/util/LinkedHashMap$LinkedKeyIterator done
Event: 0.331 loading class java/util/Collections$UnmodifiableCollection$1
Event: 0.331 loading class java/util/Collections$UnmodifiableCollection$1 done
Event: 0.352 loading class java/lang/NoSuchMethodError
Event: 0.352 loading class java/lang/IncompatibleClassChangeError
Event: 0.352 loading class java/lang/IncompatibleClassChangeError done
Event: 0.352 loading class java/lang/NoSuchMethodError done


Dynamic libraries:
0x00007ff7b01d0000 - 0x00007ff7b01de000 	C:\Users\dsrin\Downloads\sts-4.16.0.RELEASE\plugins\org.eclipse.justj.openjdk.hotspot.jre.full.win32.x86_64_17.0.4.v20220903-1038\jre\bin\javaw.exe
0x00007ff862a90000 - 0x00007ff862c88000 	C:\WINDOWS\SYSTEM32\ntdll.dll
0x00007ff862520000 - 0x00007ff8625dd000 	C:\WINDOWS\System32\KERNEL32.DLL
0x00007ff860260000 - 0x00007ff86052e000 	C:\WINDOWS\System32\KERNELBASE.dll
0x00007ff860730000 - 0x00007ff860830000 	C:\WINDOWS\System32\ucrtbase.dll
0x00007ff856a00000 - 0x00007ff856a18000 	C:\Users\dsrin\Downloads\sts-4.16.0.RELEASE\plugins\org.eclipse.justj.openjdk.hotspot.jre.full.win32.x86_64_17.0.4.v20220903-1038\jre\bin\jli.dll
0x00007ff83bc30000 - 0x00007ff83bc49000 	C:\Users\dsrin\Downloads\sts-4.16.0.RELEASE\plugins\org.eclipse.justj.openjdk.hotspot.jre.full.win32.x86_64_17.0.4.v20220903-1038\jre\bin\VCRUNTIME140.dll
0x00007ff8614d0000 - 0x00007ff861670000 	C:\WINDOWS\System32\USER32.dll
0x00007ff8605a0000 - 0x00007ff8605c2000 	C:\WINDOWS\System32\win32u.dll
0x00007ff837da0000 - 0x00007ff83803a000 	C:\WINDOWS\WinSxS\amd64_microsoft.windows.common-controls_6595b64144ccf1df_6.0.19041.1110_none_60b5254171f9507e\COMCTL32.dll
0x00007ff862440000 - 0x00007ff86246a000 	C:\WINDOWS\System32\GDI32.dll
0x00007ff8627c0000 - 0x00007ff86285e000 	C:\WINDOWS\System32\msvcrt.dll
0x00007ff860830000 - 0x00007ff86093b000 	C:\WINDOWS\System32\gdi32full.dll
0x00007ff860990000 - 0x00007ff860a2d000 	C:\WINDOWS\System32\msvcp_win.dll
0x00007ff861950000 - 0x00007ff861980000 	C:\WINDOWS\System32\IMM32.DLL
0x00007ff856880000 - 0x00007ff85688c000 	C:\Users\dsrin\Downloads\sts-4.16.0.RELEASE\plugins\org.eclipse.justj.openjdk.hotspot.jre.full.win32.x86_64_17.0.4.v20220903-1038\jre\bin\vcruntime140_1.dll
0x00007ff8306d0000 - 0x00007ff830761000 	C:\Users\dsrin\Downloads\sts-4.16.0.RELEASE\plugins\org.eclipse.justj.openjdk.hotspot.jre.full.win32.x86_64_17.0.4.v20220903-1038\jre\bin\msvcp140.dll
0x00007ff80f400000 - 0x00007ff810046000 	C:\Users\dsrin\Downloads\sts-4.16.0.RELEASE\plugins\org.eclipse.justj.openjdk.hotspot.jre.full.win32.x86_64_17.0.4.v20220903-1038\jre\bin\server\jvm.dll
0x00007ff862470000 - 0x00007ff86251e000 	C:\WINDOWS\System32\ADVAPI32.dll
0x00007ff8629b0000 - 0x00007ff862a4c000 	C:\WINDOWS\System32\sechost.dll
0x00007ff862860000 - 0x00007ff862985000 	C:\WINDOWS\System32\RPCRT4.dll
0x00007ff862650000 - 0x00007ff862658000 	C:\WINDOWS\System32\PSAPI.DLL
0x00007ff83ddd0000 - 0x00007ff83ddf7000 	C:\WINDOWS\SYSTEM32\WINMM.dll
0x00007ff83c400000 - 0x00007ff83c409000 	C:\WINDOWS\SYSTEM32\WSOCK32.dll
0x00007ff855fe0000 - 0x00007ff855fea000 	C:\WINDOWS\SYSTEM32\VERSION.dll
0x00007ff8618e0000 - 0x00007ff86194b000 	C:\WINDOWS\System32\WS2_32.dll
0x00007ff85ea30000 - 0x00007ff85ea42000 	C:\WINDOWS\SYSTEM32\kernel.appcore.dll
0x00007ff859030000 - 0x00007ff85903a000 	C:\Users\dsrin\Downloads\sts-4.16.0.RELEASE\plugins\org.eclipse.justj.openjdk.hotspot.jre.full.win32.x86_64_17.0.4.v20220903-1038\jre\bin\jimage.dll
0x00007ff85e820000 - 0x00007ff85ea04000 	C:\WINDOWS\SYSTEM32\DBGHELP.DLL
0x00007ff84c9b0000 - 0x00007ff84c9dc000 	C:\WINDOWS\SYSTEM32\dbgcore.DLL
0x00007ff860a30000 - 0x00007ff860ab2000 	C:\WINDOWS\System32\bcryptPrimitives.dll
0x00007ff856a20000 - 0x00007ff856a45000 	C:\Users\dsrin\Downloads\sts-4.16.0.RELEASE\plugins\org.eclipse.justj.openjdk.hotspot.jre.full.win32.x86_64_17.0.4.v20220903-1038\jre\bin\java.dll
0x00007ff856930000 - 0x00007ff856948000 	C:\Users\dsrin\Downloads\sts-4.16.0.RELEASE\plugins\org.eclipse.justj.openjdk.hotspot.jre.full.win32.x86_64_17.0.4.v20220903-1038\jre\bin\zip.dll
0x00007ff861980000 - 0x00007ff8620c3000 	C:\WINDOWS\System32\SHELL32.dll
0x00007ff85df40000 - 0x00007ff85e6d5000 	C:\WINDOWS\SYSTEM32\windows.storage.dll
0x00007ff8620e0000 - 0x00007ff862434000 	C:\WINDOWS\System32\combase.dll
0x00007ff85fb40000 - 0x00007ff85fb70000 	C:\WINDOWS\SYSTEM32\Wldp.dll
0x00007ff861080000 - 0x00007ff86112d000 	C:\WINDOWS\System32\SHCORE.dll
0x00007ff8613f0000 - 0x00007ff861445000 	C:\WINDOWS\System32\shlwapi.dll
0x00007ff8600f0000 - 0x00007ff86010f000 	C:\WINDOWS\SYSTEM32\profapi.dll
0x00007ff856e10000 - 0x00007ff856e29000 	C:\Users\dsrin\Downloads\sts-4.16.0.RELEASE\plugins\org.eclipse.justj.openjdk.hotspot.jre.full.win32.x86_64_17.0.4.v20220903-1038\jre\bin\net.dll
0x00007ff855170000 - 0x00007ff85527a000 	C:\WINDOWS\SYSTEM32\WINHTTP.dll
0x00007ff85f8a0000 - 0x00007ff85f90a000 	C:\WINDOWS\system32\mswsock.dll
0x00007ff83bc50000 - 0x00007ff83bc65000 	C:\Users\dsrin\Downloads\sts-4.16.0.RELEASE\plugins\org.eclipse.justj.openjdk.hotspot.jre.full.win32.x86_64_17.0.4.v20220903-1038\jre\bin\nio.dll
0x00007ff85f590000 - 0x00007ff85f5cb000 	C:\WINDOWS\SYSTEM32\IPHLPAPI.DLL
0x00007ff8625e0000 - 0x00007ff8625e8000 	C:\WINDOWS\System32\NSI.dll
0x00007ff8558f0000 - 0x00007ff855907000 	C:\WINDOWS\SYSTEM32\dhcpcsvc6.DLL

dbghelp: loaded successfully - version: 4.0.5 - missing functions: none
symbol engine: initialized successfully - sym options: 0x614 - pdb path: .;C:\Users\dsrin\Downloads\sts-4.16.0.RELEASE\plugins\org.eclipse.justj.openjdk.hotspot.jre.full.win32.x86_64_17.0.4.v20220903-1038\jre\bin;C:\WINDOWS\SYSTEM32;C:\WINDOWS\WinSxS\amd64_microsoft.windows.common-controls_6595b64144ccf1df_6.0.19041.1110_none_60b5254171f9507e;C:\Users\dsrin\Downloads\sts-4.16.0.RELEASE\plugins\org.eclipse.justj.openjdk.hotspot.jre.full.win32.x86_64_17.0.4.v20220903-1038\jre\bin\server

VM Arguments:
jvm_args: -ea -Dfile.encoding=UTF-8 -XX:+ShowCodeDetailsInExceptionMessages -Xmx512M 
java_command: org.eclipse.jdt.internal.junit.runner.RemoteTestRunner -version 3 -port 8770 -testLoaderClass org.eclipse.jdt.internal.junit5.runner.JUnit5TestLoader -loaderpluginname org.eclipse.jdt.junit5.runtime -classNames com.mario.gtest.service.BookReviewServiceImplTest
java_class_path (initial): F:\SPRINGTOOL\BookReviews\bin\main;F:\SPRINGTOOL\BookReviews\bin\test;\BookReviews\bin\default;C:\Users\dsrin\.gradle\caches\modules-2\files-2.1\org.projectlombok\lombok\1.18.24\13a394eed5c4f9efb2a6d956e2086f1d81e857d9\lombok-1.18.24.jar;C:\Users\dsrin\.gradle\caches\modules-2\files-2.1\org.springframework.boot\spring-boot-starter-data-jpa\2.7.5\b83184467079d5b808fb2f9fbc858b1804975808\spring-boot-starter-data-jpa-2.7.5.jar;C:\Users\dsrin\.gradle\caches\modules-2\files-2.1\org.springframework.boot\spring-boot-starter-web\2.7.5\bb4099d0466a62c3b11ab9323babca13bb430a2e\spring-boot-starter-web-2.7.5.jar;C:\Users\dsrin\.gradle\caches\modules-2\files-2.1\org.springframework.boot\spring-boot-starter-aop\2.7.5\ea4b85395faaa3a382f2a582e4bf023d088d320e\spring-boot-starter-aop-2.7.5.jar;C:\Users\dsrin\.gradle\caches\modules-2\files-2.1\org.springframework.boot\spring-boot-starter-jdbc\2.7.5\b57c3f8fb2fe235a8ff368755092371423bbc5b3\spring-boot-starter-jdbc-2.7.5.jar;C:\Users\dsrin\.gradle\caches\modules-2\files-2.1\jakarta.transaction\jakarta.transaction-api\1.3.3\c4179d48720a1e87202115fbed6089bdc4195405\jakarta.transaction-api-1.3.3.jar;C:\Users\dsrin\.gradle\caches\modules-2\files-2.1\jakarta.persistence\jakarta.persistence-api\2.2.3\8f6ea5daedc614f07a3654a455660145286f024e\jakarta.persistence-api-2.2.3.jar;C:\Users\dsrin\.gradle\caches\modules-2\files-2.1\org.hibernate\hibernate-core\5.6.12.Final\66720fe38bdb9515924d559b8aac7b522d7ae171\hibernate-core-5.6.12.Final.jar;C:\Users\dsrin\.gradle\caches\modules-2\files-2.1\org.springframework.data\spring-data-jpa\2.7.5\dc0bb497a33fcd3f82fe0ccfd674476d93889b3d\spring-data-jpa-2.7.5.jar;C:\Users\dsrin\.gradle\caches\modules-2\files-2.1\org.springframework\spring-aspects\5.3.23\35a0f5df4241f794fd79dd2447195ac055e88b8e\spring-aspects-5.3.23.jar;C:\Users\dsrin\.gradle\caches\modules-2\files-2.1\org.springframework.boot\spring-boot-starter-json\2.7.5\9c7df04ff37b2e7471632ddeb4a296c5fb6bddee\spring-boot-star
Launcher Type: SUN_STANDARD

[Global flags]
     intx CICompilerCount                          = 4                                         {product} {ergonomic}
     uint ConcGCThreads                            = 2                                         {product} {ergonomic}
     uint G1ConcRefinementThreads                  = 8                                         {product} {ergonomic}
   size_t G1HeapRegionSize                         = 1048576                                   {product} {ergonomic}
    uintx GCDrainStackTargetSize                   = 64                                        {product} {ergonomic}
   size_t InitialHeapSize                          = 134217728                                 {product} {ergonomic}
   size_t MarkStackSize                            = 4194304                                   {product} {ergonomic}
   size_t MaxHeapSize                              = 536870912                                 {product} {command line}
   size_t MaxNewSize                               = 321912832                                 {product} {ergonomic}
   size_t MinHeapDeltaBytes                        = 1048576                                   {product} {ergonomic}
   size_t MinHeapSize                              = 8388608                                   {product} {ergonomic}
    uintx NonNMethodCodeHeapSize                   = 5839372                                {pd product} {ergonomic}
    uintx NonProfiledCodeHeapSize                  = 122909434                              {pd product} {ergonomic}
    uintx ProfiledCodeHeapSize                     = 122909434                              {pd product} {ergonomic}
    uintx ReservedCodeCacheSize                    = 251658240                              {pd product} {ergonomic}
     bool SegmentedCodeCache                       = true                                      {product} {ergonomic}
     bool ShowCodeDetailsInExceptionMessages       = true                                   {manageable} {command line}
   size_t SoftMaxHeapSize                          = 536870912                              {manageable} {ergonomic}
     bool UseCompressedClassPointers               = true                           {product lp64_product} {ergonomic}
     bool UseCompressedOops                        = true                           {product lp64_product} {ergonomic}
     bool UseG1GC                                  = true                                      {product} {ergonomic}
     bool UseLargePagesIndividualAllocation        = false                                  {pd product} {ergonomic}

Logging:
Log output configuration:
 #0: stdout all=warning uptime,level,tags
 #1: stderr all=off uptime,level,tags

Environment Variables:
JAVA_HOME=C:\Program Files\Java\jdk1.8.0_301
_JAVA_OPTIONS=-Xmx512M
CLASSPATH=.;
PATH=C:/Users/dsrin/Downloads/sts-4.16.0.RELEASE//plugins/org.eclipse.justj.openjdk.hotspot.jre.full.win32.x86_64_17.0.4.v20220903-1038/jre/bin/server;C:/Users/dsrin/Downloads/sts-4.16.0.RELEASE//plugins/org.eclipse.justj.openjdk.hotspot.jre.full.win32.x86_64_17.0.4.v20220903-1038/jre/bin;C:\Program Files (x86)\Common Files\Oracle\Java\javapath;C:\WINDOWS\system32;C:\WINDOWS;C:\WINDOWS\System32\Wbem;C:\WINDOWS\System32\WindowsPowerShell\v1.0\;C:\WINDOWS\System32\OpenSSH\;C:\Program Files\Microsoft SQL Server\Client SDK\ODBC\130\Tools\Binn\;C:\Program Files (x86)\Microsoft SQL Server\140\Tools\Binn\;C:\Program Files\Microsoft SQL Server\140\Tools\Binn\;C:\Program Files\Microsoft SQL Server\140\DTS\Binn\;C:\Program Files (x86)\Microsoft SQL Server\150\DTS\Binn\;C:\Users\dsrin\AppData\Local\Programs\Python\Python38-32;C:\Users\dsrin\AppData\Local\Programs\Python\Python38-32\Scripts;C:\Program Files\Microsoft SQL Server\Client SDK\ODBC\170\Tools\Binn\;C:\Program Files (x86)\Microsoft SQL Server\150\Tools\Binn\;C:\Program Files\Microsoft SQL Server\150\Tools\Binn\;C:\Program Files\Microsoft SQL Server\150\DTS\Binn\;C:\Program Files\Azure Data Studio\bin;C:\Program Files\Java\jdk1.8.0_191\bin;C:\Program Files\MySQL\MySQL Shell 8.0\bin\;C:\Program Files\Java\jdk1.8.0_301\bin;C:\Users\dsrin\AppData\Local\Programs\Microsoft VS Code\bin;C:\Users\dsrin\Downloads\sts-4.16.0.RELEASE;
USERNAME=Hasse
OS=Windows_NT
PROCESSOR_IDENTIFIER=Intel64 Family 6 Model 142 Stepping 12, GenuineIntel
TMP=C:\Users\dsrin\AppData\Local\Temp
TEMP=C:\Users\dsrin\AppData\Local\Temp



---------------  S Y S T E M  ---------------

OS:
 Windows 10 , 64 bit Build 19041 (10.0.19041.1889)
OS uptime: 0 days 21:26 hours

CPU: total 8 (initial active 8) (4 cores per cpu, 2 threads per core) family 6 model 142 stepping 12 microcode 0xea, cx8, cmov, fxsr, ht, mmx, 3dnowpref, sse, sse2, sse3, ssse3, sse4.1, sse4.2, popcnt, lzcnt, tsc, tscinvbit, avx, avx2, aes, erms, clmul, bmi1, bmi2, adx, fma, vzeroupper, clflush, clflushopt

Memory: 4k page, system-wide physical 8072M (871M free)
TotalPageFile size 9977M (AvailPageFile size 10M)
current process WorkingSet (physical memory assigned to process): 54M, peak: 54M
current process commit charge ("private bytes"): 217M, peak: 217M

vm_info: OpenJDK 64-Bit Server VM (17.0.4.1+1) for windows-amd64 JRE (17.0.4.1+1), built on Aug 17 2022 07:42:43 by "temurin" with MS VC++ 16.7 (VS2019)

END.
