#
# There is insufficient memory for the Java Runtime Environment to continue.
# Native memory allocation (mmap) failed to map 41943040 bytes for G1 virtual space
# Possible reasons:
#   The system is out of physical RAM or swap space
#   The process is running with CompressedOops enabled, and the Java Heap may be blocking the growth of the native heap
# Possible solutions:
#   Reduce memory load on the system
#   Increase physical memory or swap space
#   Check if swap backing store is full
#   Decrease Java heap size (-Xmx/-Xms)
#   Decrease number of Java threads
#   Decrease Java thread stack sizes (-Xss)
#   Set larger code cache with -XX:ReservedCodeCacheSize=
#   JVM is running with Unscaled Compressed Oops mode in which the Java heap is
#     placed in the first 4GB address space. The Java Heap base address is the
#     maximum limit for the native heap growth. Please use -XX:HeapBaseMinAddress
#     to set the Java Heap base and to place the Java Heap above 4GB virtual address.
# This output file may be truncated or incomplete.
#
#  Out of Memory Error (os_windows.cpp:3541), pid=2512, tid=3640
#
# JRE version: OpenJDK Runtime Environment Temurin-17.0.4.1+1 (17.0.4.1+1) (build 17.0.4.1+1)
# Java VM: OpenJDK 64-Bit Server VM Temurin-17.0.4.1+1 (17.0.4.1+1, mixed mode, tiered, compressed oops, compressed class ptrs, g1 gc, windows-amd64)
# No core dump will be written. Minidumps are not enabled by default on client versions of Windows
#

---------------  S U M M A R Y ------------

Command Line: -ea -Dfile.encoding=UTF-8 -XX:+ShowCodeDetailsInExceptionMessages -Xmx512M org.eclipse.jdt.internal.junit.runner.RemoteTestRunner -version 3 -port 8358 -testLoaderClass org.eclipse.jdt.internal.junit5.runner.JUnit5TestLoader -loaderpluginname org.eclipse.jdt.junit5.runtime -classNames com.mario.gtest.service.BookReviewServiceImplTest

Host: Intel(R) Core(TM) i5-8265U CPU @ 1.60GHz, 8 cores, 7G,  Windows 10 , 64 bit Build 19041 (10.0.19041.1889)
Time: Tue Nov 15 16:41:59 2022 India Standard Time elapsed time: 3.556694 seconds (0d 0h 0m 3s)

---------------  T H R E A D  ---------------

Current thread (0x000001e87657fb20):  VMThread "VM Thread" [stack: 0x0000007584f00000,0x0000007585000000] [id=3640]

Stack: [0x0000007584f00000,0x0000007585000000]
Native frames: (J=compiled Java code, j=interpreted, Vv=VM code, C=native code)
V  [jvm.dll+0x67731a]
V  [jvm.dll+0x832284]
V  [jvm.dll+0x833a2e]
V  [jvm.dll+0x834093]
V  [jvm.dll+0x245775]
V  [jvm.dll+0x674209]
V  [jvm.dll+0x668a92]
V  [jvm.dll+0x30471b]
V  [jvm.dll+0x30bc66]
V  [jvm.dll+0x35ba9e]
V  [jvm.dll+0x35bccf]
V  [jvm.dll+0x2db5b8]
V  [jvm.dll+0x2d986c]
V  [jvm.dll+0x2d8e3c]
V  [jvm.dll+0x31cd9b]
V  [jvm.dll+0x83853b]
V  [jvm.dll+0x839274]
V  [jvm.dll+0x83978c]
V  [jvm.dll+0x839b64]
V  [jvm.dll+0x839c30]
V  [jvm.dll+0x7e240a]
V  [jvm.dll+0x6761a5]
C  [ucrtbase.dll+0x21bb2]
C  [KERNEL32.DLL+0x17034]
C  [ntdll.dll+0x526a1]

VM_Operation (0x00000075849f9c60): G1CollectForAllocation, mode: safepoint, requested by thread 0x000001e85fe87990


---------------  P R O C E S S  ---------------

Threads class SMR info:
_java_thread_list=0x000001e87c4bfea0, length=16, elements={
0x000001e85fe87990, 0x000001e876584df0, 0x000001e87658a5c0, 0x000001e8765eb420,
0x000001e8765ec7b0, 0x000001e8765ab510, 0x000001e8765ac380, 0x000001e877005400,
0x000001e8770080c0, 0x000001e8770185b0, 0x000001e8765aa6a0, 0x000001e8765a9830,
0x000001e8772a0300, 0x000001e8765a9360, 0x000001e8799656e0, 0x000001e8765aa1d0
}

Java Threads: ( => current thread )
  0x000001e85fe87990 JavaThread "main" [_thread_blocked, id=11520, stack(0x0000007584900000,0x0000007584a00000)]
  0x000001e876584df0 JavaThread "Reference Handler" daemon [_thread_blocked, id=10452, stack(0x0000007585000000,0x0000007585100000)]
  0x000001e87658a5c0 JavaThread "Finalizer" daemon [_thread_blocked, id=10048, stack(0x0000007585100000,0x0000007585200000)]
  0x000001e8765eb420 JavaThread "Signal Dispatcher" daemon [_thread_blocked, id=11144, stack(0x0000007585200000,0x0000007585300000)]
  0x000001e8765ec7b0 JavaThread "Attach Listener" daemon [_thread_blocked, id=1104, stack(0x0000007585300000,0x0000007585400000)]
  0x000001e8765ab510 JavaThread "Service Thread" daemon [_thread_blocked, id=7896, stack(0x0000007585400000,0x0000007585500000)]
  0x000001e8765ac380 JavaThread "Monitor Deflation Thread" daemon [_thread_blocked, id=12736, stack(0x0000007585500000,0x0000007585600000)]
  0x000001e877005400 JavaThread "C2 CompilerThread0" daemon [_thread_in_native, id=13028, stack(0x0000007585600000,0x0000007585700000)]
  0x000001e8770080c0 JavaThread "C1 CompilerThread0" daemon [_thread_blocked, id=1068, stack(0x0000007585700000,0x0000007585800000)]
  0x000001e8770185b0 JavaThread "Sweeper thread" daemon [_thread_blocked, id=12408, stack(0x0000007585800000,0x0000007585900000)]
  0x000001e8765aa6a0 JavaThread "Notification Thread" daemon [_thread_blocked, id=12400, stack(0x0000007585900000,0x0000007585a00000)]
  0x000001e8765a9830 JavaThread "Common-Cleaner" daemon [_thread_blocked, id=3848, stack(0x0000007585b00000,0x0000007585c00000)]
  0x000001e8772a0300 JavaThread "C2 CompilerThread1" daemon [_thread_blocked, id=2284, stack(0x0000007585c00000,0x0000007585d00000)]
  0x000001e8765a9360 JavaThread "ReaderThread" [_thread_in_native, id=4252, stack(0x0000007585d00000,0x0000007585e00000)]
  0x000001e8799656e0 JavaThread "C2 CompilerThread2" daemon [_thread_blocked, id=14740, stack(0x0000007586700000,0x0000007586800000)]
  0x000001e8765aa1d0 JavaThread "HikariPool-1 housekeeper" daemon [_thread_blocked, id=4036, stack(0x0000007586800000,0x0000007586900000)]

Other Threads:
=>0x000001e87657fb20 VMThread "VM Thread" [stack: 0x0000007584f00000,0x0000007585000000] [id=3640]
  0x000001e877174060 WatcherThread [stack: 0x0000007585a00000,0x0000007585b00000] [id=12864]
  0x000001e85feb7190 GCTaskThread "GC Thread#0" [stack: 0x0000007584a00000,0x0000007584b00000] [id=1348]
  0x000001e8778e5d10 GCTaskThread "GC Thread#1" [stack: 0x0000007585e00000,0x0000007585f00000] [id=14716]
  0x000001e8778e5fc0 GCTaskThread "GC Thread#2" [stack: 0x0000007585f00000,0x0000007586000000] [id=10568]
  0x000001e8778e6270 GCTaskThread "GC Thread#3" [stack: 0x0000007586000000,0x0000007586100000] [id=1836]
  0x000001e877f4c950 GCTaskThread "GC Thread#4" [stack: 0x0000007586100000,0x0000007586200000] [id=8856]
  0x000001e877f6ad90 GCTaskThread "GC Thread#5" [stack: 0x0000007586200000,0x0000007586300000] [id=2736]
  0x000001e878af87a0 GCTaskThread "GC Thread#6" [stack: 0x0000007586300000,0x0000007586400000] [id=8816]
  0x000001e879fc5040 GCTaskThread "GC Thread#7" [stack: 0x0000007586400000,0x0000007586500000] [id=13308]
  0x000001e85febbfe0 ConcurrentGCThread "G1 Main Marker" [stack: 0x0000007584b00000,0x0000007584c00000] [id=9344]
  0x000001e85febe0c0 ConcurrentGCThread "G1 Conc#0" [stack: 0x0000007584c00000,0x0000007584d00000] [id=7944]
  0x000001e877f45070 ConcurrentGCThread "G1 Conc#1" [stack: 0x0000007586500000,0x0000007586600000] [id=3892]
  0x000001e85ff468e0 ConcurrentGCThread "G1 Refine#0" [stack: 0x0000007584d00000,0x0000007584e00000] [id=13260]
  0x000001e85ff48220 ConcurrentGCThread "G1 Service" [stack: 0x0000007584e00000,0x0000007584f00000] [id=11148]

Threads with active compile tasks:
C2 CompilerThread0     3573 3694   !   4       jdk.internal.loader.BuiltinClassLoader::findClassOnClassPathOrNull (64 bytes)
C2 CompilerThread1     3573 3809       4       java.lang.String::substring (10 bytes)
C2 CompilerThread2     3573 3811       4       jdk.internal.org.objectweb.asm.MethodWriter::visitLabel (328 bytes)

VM state: at safepoint (normal execution)

VM Mutex/Monitor currently owned by a thread:  ([mutex/lock_event])
[0x000001e85fe83cf0] Threads_lock - owner thread: 0x000001e87657fb20
[0x000001e85fe83e10] Heap_lock - owner thread: 0x000001e85fe87990

Heap address: 0x00000000e0000000, size: 512 MB, Compressed Oops mode: 32-bit

CDS archive(s) not mapped
Compressed class space mapped at: 0x0000000100000000-0x0000000140000000, reserved size: 1073741824
Narrow klass base: 0x0000000000000000, Narrow klass shift: 3, Narrow klass range: 0x140000000

GC Precious Log:
 CPUs: 8 total, 8 available
 Memory: 8072M
 Large Page Support: Disabled
 NUMA Support: Disabled
 Compressed Oops: Enabled (32-bit)
 Heap Region Size: 1M
 Heap Min Capacity: 8M
 Heap Initial Capacity: 128M
 Heap Max Capacity: 512M
 Pre-touch: Disabled
 Parallel Workers: 8
 Concurrent Workers: 2
 Concurrent Refinement Workers: 8
 Periodic GC: Disabled

Heap:
 garbage-first heap   total 40960K, used 18129K [0x00000000e0000000, 0x0000000100000000)
  region size 1024K, 2 young (2048K), 2 survivors (2048K)
 Metaspace       used 44020K, committed 44352K, reserved 1089536K
  class space    used 5542K, committed 5696K, reserved 1048576K

Heap Regions: E=young(eden), S=young(survivor), O=old, HS=humongous(starts), HC=humongous(continues), CS=collection set, F=free, OA=open archive, CA=closed archive, TAMS=top-at-mark-start (previous, next)
|   0|0x00000000e0000000, 0x00000000e0100000, 0x00000000e0100000|100%|HS|  |TAMS 0x00000000e0100000, 0x00000000e0000000| Complete 
|   1|0x00000000e0100000, 0x00000000e0200000, 0x00000000e0200000|100%| O|  |TAMS 0x00000000e0200000, 0x00000000e0100000| Untracked 
|   2|0x00000000e0200000, 0x00000000e0300000, 0x00000000e0300000|100%| O|  |TAMS 0x00000000e0300000, 0x00000000e0200000| Untracked 
|   3|0x00000000e0300000, 0x00000000e0400000, 0x00000000e0400000|100%| O|  |TAMS 0x00000000e0400000, 0x00000000e0300000| Untracked 
|   4|0x00000000e0400000, 0x00000000e0500000, 0x00000000e0500000|100%| O|  |TAMS 0x00000000e0500000, 0x00000000e0400000| Untracked 
|   5|0x00000000e0500000, 0x00000000e0600000, 0x00000000e0600000|100%| O|  |TAMS 0x00000000e0600000, 0x00000000e0500000| Untracked 
|   6|0x00000000e0600000, 0x00000000e0700000, 0x00000000e0700000|100%| O|  |TAMS 0x00000000e0700000, 0x00000000e0600000| Untracked 
|   7|0x00000000e0700000, 0x00000000e0800000, 0x00000000e0800000|100%| O|  |TAMS 0x00000000e0800000, 0x00000000e0700000| Untracked 
|   8|0x00000000e0800000, 0x00000000e0900000, 0x00000000e0900000|100%| O|  |TAMS 0x00000000e0900000, 0x00000000e0800000| Untracked 
|   9|0x00000000e0900000, 0x00000000e0a00000, 0x00000000e0a00000|100%| O|  |TAMS 0x00000000e0a00000, 0x00000000e0900000| Untracked 
|  10|0x00000000e0a00000, 0x00000000e0b00000, 0x00000000e0b00000|100%| O|  |TAMS 0x00000000e0b00000, 0x00000000e0a00000| Untracked 
|  11|0x00000000e0b00000, 0x00000000e0b00000, 0x00000000e0c00000|  0%| F|  |TAMS 0x00000000e0b00000, 0x00000000e0b00000| Untracked 
|  12|0x00000000e0c00000, 0x00000000e0d00000, 0x00000000e0d00000|100%| O|  |TAMS 0x00000000e0d00000, 0x00000000e0c00000| Untracked 
|  13|0x00000000e0d00000, 0x00000000e0e00000, 0x00000000e0e00000|100%| O|  |TAMS 0x00000000e0e00000, 0x00000000e0d00000| Untracked 
|  14|0x00000000e0e00000, 0x00000000e0f00000, 0x00000000e0f00000|100%| O|  |TAMS 0x00000000e0e40200, 0x00000000e0e00000| Untracked 
|  15|0x00000000e0f00000, 0x00000000e1000000, 0x00000000e1000000|100%| O|  |TAMS 0x00000000e0f00000, 0x00000000e0f00000| Untracked 
|  16|0x00000000e1000000, 0x00000000e1100000, 0x00000000e1100000|100%| O|  |TAMS 0x00000000e1000000, 0x00000000e1000000| Untracked 
|  17|0x00000000e1100000, 0x00000000e1162600, 0x00000000e1200000| 38%| O|  |TAMS 0x00000000e1100000, 0x00000000e1100000| Untracked 
|  18|0x00000000e1200000, 0x00000000e1200000, 0x00000000e1300000|  0%| F|  |TAMS 0x00000000e1200000, 0x00000000e1200000| Untracked 
|  19|0x00000000e1300000, 0x00000000e1300000, 0x00000000e1400000|  0%| F|  |TAMS 0x00000000e1300000, 0x00000000e1300000| Untracked 
|  20|0x00000000e1400000, 0x00000000e1400000, 0x00000000e1500000|  0%| F|  |TAMS 0x00000000e1400000, 0x00000000e1400000| Untracked 
|  21|0x00000000e1500000, 0x00000000e1500000, 0x00000000e1600000|  0%| F|  |TAMS 0x00000000e1500000, 0x00000000e1500000| Untracked 
|  22|0x00000000e1600000, 0x00000000e1600000, 0x00000000e1700000|  0%| F|  |TAMS 0x00000000e1600000, 0x00000000e1600000| Untracked 
|  23|0x00000000e1700000, 0x00000000e1751f50, 0x00000000e1800000| 32%| S|CS|TAMS 0x00000000e1700000, 0x00000000e1700000| Complete 
|  24|0x00000000e1800000, 0x00000000e1900000, 0x00000000e1900000|100%| S|CS|TAMS 0x00000000e1800000, 0x00000000e1800000| Complete 
|  25|0x00000000e1900000, 0x00000000e1900000, 0x00000000e1a00000|  0%| F|  |TAMS 0x00000000e1900000, 0x00000000e1900000| Untracked 
|  26|0x00000000e1a00000, 0x00000000e1a00000, 0x00000000e1b00000|  0%| F|  |TAMS 0x00000000e1a00000, 0x00000000e1a00000| Untracked 
|  27|0x00000000e1b00000, 0x00000000e1b00000, 0x00000000e1c00000|  0%| F|  |TAMS 0x00000000e1b00000, 0x00000000e1b00000| Untracked 
|  28|0x00000000e1c00000, 0x00000000e1c00000, 0x00000000e1d00000|  0%| F|  |TAMS 0x00000000e1c00000, 0x00000000e1c00000| Untracked 
|  29|0x00000000e1d00000, 0x00000000e1d00000, 0x00000000e1e00000|  0%| F|  |TAMS 0x00000000e1d00000, 0x00000000e1d00000| Untracked 
|  30|0x00000000e1e00000, 0x00000000e1e00000, 0x00000000e1f00000|  0%| F|  |TAMS 0x00000000e1e00000, 0x00000000e1e00000| Untracked 
|  31|0x00000000e1f00000, 0x00000000e1f00000, 0x00000000e2000000|  0%| F|  |TAMS 0x00000000e1f00000, 0x00000000e1f00000| Untracked 
|  32|0x00000000e2000000, 0x00000000e2000000, 0x00000000e2100000|  0%| F|  |TAMS 0x00000000e2000000, 0x00000000e2000000| Untracked 
|  33|0x00000000e2100000, 0x00000000e2100000, 0x00000000e2200000|  0%| F|  |TAMS 0x00000000e2100000, 0x00000000e2100000| Untracked 
|  34|0x00000000e2200000, 0x00000000e2200000, 0x00000000e2300000|  0%| F|  |TAMS 0x00000000e2200000, 0x00000000e2200000| Untracked 
|  35|0x00000000e2300000, 0x00000000e2300000, 0x00000000e2400000|  0%| F|  |TAMS 0x00000000e2300000, 0x00000000e2300000| Untracked 
|  93|0x00000000e5d00000, 0x00000000e5d00000, 0x00000000e5e00000|  0%| F|  |TAMS 0x00000000e5d00000, 0x00000000e5d00000| Untracked 
|  94|0x00000000e5e00000, 0x00000000e5e00000, 0x00000000e5f00000|  0%| F|  |TAMS 0x00000000e5e00000, 0x00000000e5e00000| Untracked 
|  95|0x00000000e5f00000, 0x00000000e5f00000, 0x00000000e6000000|  0%| F|  |TAMS 0x00000000e5f00000, 0x00000000e5f00000| Untracked 
| 127|0x00000000e7f00000, 0x00000000e7f00000, 0x00000000e8000000|  0%| F|  |TAMS 0x00000000e7f00000, 0x00000000e7f00000| Untracked 

Card table byte_map: [0x000001e872970000,0x000001e872a70000] _byte_map_base: 0x000001e872270000

Marking Bits (Prev, Next): (CMBitMap*) 0x000001e85feb76b0, (CMBitMap*) 0x000001e85feb76f0
 Prev Bits: [0x000001e872b70000, 0x000001e873370000)
 Next Bits: [0x000001e873370000, 0x000001e873b70000)

Polling page: 0x000001e85dde0000

Metaspace:

Usage:
  Non-class:     37.58 MB used.
      Class:      5.41 MB used.
       Both:     42.99 MB used.

Virtual space:
  Non-class space:       40.00 MB reserved,      37.75 MB ( 94%) committed,  5 nodes.
      Class space:        1.00 GB reserved,       5.56 MB ( <1%) committed,  1 nodes.
             Both:        1.04 GB reserved,      43.31 MB (  4%) committed. 

Chunk freelists:
   Non-Class:  1.51 MB
       Class:  2.33 MB
        Both:  3.84 MB

MaxMetaspaceSize: unlimited
CompressedClassSpaceSize: 1.00 GB
Initial GC threshold: 21.00 MB
Current GC threshold: 59.06 MB
CDS: off
MetaspaceReclaimPolicy: balanced
 - commit_granule_bytes: 65536.
 - commit_granule_words: 8192.
 - virtual_space_node_default_size: 1048576.
 - enlarge_chunks_in_place: 1.
 - new_chunks_are_fully_committed: 0.
 - uncommit_free_chunks: 1.
 - use_allocation_guard: 0.
 - handle_deallocations: 1.


Internal statistics:

num_allocs_failed_limit: 6.
num_arena_births: 334.
num_arena_deaths: 0.
num_vsnodes_births: 6.
num_vsnodes_deaths: 0.
num_space_committed: 693.
num_space_uncommitted: 0.
num_chunks_returned_to_freelist: 6.
num_chunks_taken_from_freelist: 1614.
num_chunk_merges: 6.
num_chunk_splits: 1108.
num_chunks_enlarged: 842.
num_purges: 0.
num_inconsistent_stats: 0.

CodeHeap 'non-profiled nmethods': size=120000Kb used=2217Kb max_used=2217Kb free=117782Kb
 bounds [0x000001e86b010000, 0x000001e86b280000, 0x000001e872540000]
CodeHeap 'profiled nmethods': size=120000Kb used=8424Kb max_used=8424Kb free=111575Kb
 bounds [0x000001e863ae0000, 0x000001e864320000, 0x000001e86b010000]
CodeHeap 'non-nmethods': size=5760Kb used=1212Kb max_used=1294Kb free=4547Kb
 bounds [0x000001e863540000, 0x000001e8637b0000, 0x000001e863ae0000]
 total_blobs=4323 nmethods=3808 adapters=427
 compilation: enabled
              stopped_count=0, restarted_count=0
 full_count=0

Compilation events (20 events):
Event: 3.494 Thread 0x000001e8799656e0 nmethod 3801 0x000001e86b236990 code [0x000001e86b236b00, 0x000001e86b236b98]
Event: 3.507 Thread 0x000001e8799656e0 3802       4       java.net.URL::getDefaultPort (8 bytes)
Event: 3.508 Thread 0x000001e8799656e0 nmethod 3802 0x000001e86b236c90 code [0x000001e86b236e20, 0x000001e86b236ed8]
Event: 3.515 Thread 0x000001e8772a0300 nmethod 3798 0x000001e86b236f90 code [0x000001e86b2371a0, 0x000001e86b2388d8]
Event: 3.516 Thread 0x000001e8770080c0 3803       1       sun.util.calendar.BaseCalendar$Date::getCachedJan1 (5 bytes)
Event: 3.516 Thread 0x000001e8770080c0 nmethod 3803 0x000001e86b239b10 code [0x000001e86b239ca0, 0x000001e86b239d78]
Event: 3.540 Thread 0x000001e8770080c0 3804       3       java.nio.MappedByteBuffer::position (8 bytes)
Event: 3.540 Thread 0x000001e8770080c0 nmethod 3804 0x000001e864316a90 code [0x000001e864316c40, 0x000001e864316de8]
Event: 3.540 Thread 0x000001e8770080c0 3805       3       java.nio.ByteBuffer::arrayOffset (35 bytes)
Event: 3.540 Thread 0x000001e8770080c0 nmethod 3805 0x000001e864316e90 code [0x000001e864317060, 0x000001e864317338]
Event: 3.547 Thread 0x000001e8770080c0 3806       3       jdk.internal.misc.Unsafe::copyMemory (33 bytes)
Event: 3.547 Thread 0x000001e8772a0300 3809       4       java.lang.String::substring (10 bytes)
Event: 3.548 Thread 0x000001e8799656e0 3810       4       java.util.StringJoiner::checkAddLength (50 bytes)
Event: 3.548 Thread 0x000001e8770080c0 nmethod 3806 0x000001e864317490 code [0x000001e864317740, 0x000001e864318458]
Event: 3.548 Thread 0x000001e8770080c0 3807       3       jdk.internal.misc.Unsafe::copyMemoryChecks (21 bytes)
Event: 3.549 Thread 0x000001e8770080c0 nmethod 3807 0x000001e864318a10 code [0x000001e864318cc0, 0x000001e8643199c8]
Event: 3.549 Thread 0x000001e8799656e0 nmethod 3810 0x000001e86b23a210 code [0x000001e86b23a3a0, 0x000001e86b23a4b8]
Event: 3.549 Thread 0x000001e8770080c0 3812       3       sun.invoke.util.Wrapper::isDoubleWord (15 bytes)
Event: 3.549 Thread 0x000001e8799656e0 3811       4       jdk.internal.org.objectweb.asm.MethodWriter::visitLabel (328 bytes)
Event: 3.549 Thread 0x000001e8770080c0 nmethod 3812 0x000001e864319f10 code [0x000001e86431a0a0, 0x000001e86431a218]

GC Heap History (20 events):
Event: 1.377 GC heap after
{Heap after GC invocations=2 (full 0):
 garbage-first heap   total 131072K, used 10195K [0x00000000e0000000, 0x0000000100000000)
  region size 1024K, 3 young (3072K), 3 survivors (3072K)
 Metaspace       used 21326K, committed 21504K, reserved 1073152K
  class space    used 2435K, committed 2496K, reserved 1048576K
}
Event: 1.539 GC heap before
{Heap before GC invocations=3 (full 0):
 garbage-first heap   total 40960K, used 28627K [0x00000000e0000000, 0x0000000100000000)
  region size 1024K, 22 young (22528K), 3 survivors (3072K)
 Metaspace       used 26295K, committed 26496K, reserved 1073152K
  class space    used 3023K, committed 3136K, reserved 1048576K
}
Event: 1.541 GC heap after
{Heap after GC invocations=4 (full 0):
 garbage-first heap   total 40960K, used 11063K [0x00000000e0000000, 0x0000000100000000)
  region size 1024K, 4 young (4096K), 4 survivors (4096K)
 Metaspace       used 26295K, committed 26496K, reserved 1073152K
  class space    used 3023K, committed 3136K, reserved 1048576K
}
Event: 1.547 GC heap before
{Heap before GC invocations=4 (full 0):
 garbage-first heap   total 40960K, used 12087K [0x00000000e0000000, 0x0000000100000000)
  region size 1024K, 5 young (5120K), 4 survivors (4096K)
 Metaspace       used 26498K, committed 26688K, reserved 1073152K
  class space    used 3053K, committed 3136K, reserved 1048576K
}
Event: 1.549 GC heap after
{Heap after GC invocations=5 (full 0):
 garbage-first heap   total 40960K, used 11388K [0x00000000e0000000, 0x0000000100000000)
  region size 1024K, 1 young (1024K), 1 survivors (1024K)
 Metaspace       used 26498K, committed 26688K, reserved 1073152K
  class space    used 3053K, committed 3136K, reserved 1048576K
}
Event: 1.794 GC heap before
{Heap before GC invocations=5 (full 0):
 garbage-first heap   total 40960K, used 27772K [0x00000000e0000000, 0x0000000100000000)
  region size 1024K, 18 young (18432K), 1 survivors (1024K)
 Metaspace       used 28771K, committed 28992K, reserved 1081344K
  class space    used 3345K, committed 3456K, reserved 1048576K
}
Event: 1.796 GC heap after
{Heap after GC invocations=6 (full 0):
 garbage-first heap   total 40960K, used 12364K [0x00000000e0000000, 0x0000000100000000)
  region size 1024K, 2 young (2048K), 2 survivors (2048K)
 Metaspace       used 28771K, committed 28992K, reserved 1081344K
  class space    used 3345K, committed 3456K, reserved 1048576K
}
Event: 2.107 GC heap before
{Heap before GC invocations=6 (full 0):
 garbage-first heap   total 40960K, used 29772K [0x00000000e0000000, 0x0000000100000000)
  region size 1024K, 19 young (19456K), 2 survivors (2048K)
 Metaspace       used 30903K, committed 31104K, reserved 1081344K
  class space    used 3625K, committed 3712K, reserved 1048576K
}
Event: 2.110 GC heap after
{Heap after GC invocations=7 (full 0):
 garbage-first heap   total 40960K, used 13268K [0x00000000e0000000, 0x0000000100000000)
  region size 1024K, 3 young (3072K), 3 survivors (3072K)
 Metaspace       used 30903K, committed 31104K, reserved 1081344K
  class space    used 3625K, committed 3712K, reserved 1048576K
}
Event: 2.528 GC heap before
{Heap before GC invocations=7 (full 0):
 garbage-first heap   total 40960K, used 30676K [0x00000000e0000000, 0x0000000100000000)
  region size 1024K, 20 young (20480K), 3 survivors (3072K)
 Metaspace       used 33493K, committed 33792K, reserved 1081344K
  class space    used 3996K, committed 4160K, reserved 1048576K
}
Event: 2.532 GC heap after
{Heap after GC invocations=8 (full 0):
 garbage-first heap   total 40960K, used 14717K [0x00000000e0000000, 0x0000000100000000)
  region size 1024K, 3 young (3072K), 3 survivors (3072K)
 Metaspace       used 33493K, committed 33792K, reserved 1081344K
  class space    used 3996K, committed 4160K, reserved 1048576K
}
Event: 2.809 GC heap before
{Heap before GC invocations=8 (full 0):
 garbage-first heap   total 40960K, used 31101K [0x00000000e0000000, 0x0000000100000000)
  region size 1024K, 19 young (19456K), 3 survivors (3072K)
 Metaspace       used 35465K, committed 35776K, reserved 1081344K
  class space    used 4280K, committed 4416K, reserved 1048576K
}
Event: 2.812 GC heap after
{Heap after GC invocations=9 (full 0):
 garbage-first heap   total 40960K, used 16109K [0x00000000e0000000, 0x0000000100000000)
  region size 1024K, 2 young (2048K), 2 survivors (2048K)
 Metaspace       used 35465K, committed 35776K, reserved 1081344K
  class space    used 4280K, committed 4416K, reserved 1048576K
}
Event: 2.818 GC heap before
{Heap before GC invocations=9 (full 0):
 garbage-first heap   total 40960K, used 16109K [0x00000000e0000000, 0x0000000100000000)
  region size 1024K, 3 young (3072K), 2 survivors (2048K)
 Metaspace       used 35683K, committed 35968K, reserved 1081344K
  class space    used 4280K, committed 4416K, reserved 1048576K
}
Event: 2.820 GC heap after
{Heap after GC invocations=10 (full 0):
 garbage-first heap   total 40960K, used 16193K [0x00000000e0000000, 0x0000000100000000)
  region size 1024K, 2 young (2048K), 2 survivors (2048K)
 Metaspace       used 35683K, committed 35968K, reserved 1081344K
  class space    used 4280K, committed 4416K, reserved 1048576K
}
Event: 3.130 GC heap before
{Heap before GC invocations=11 (full 0):
 garbage-first heap   total 40960K, used 30529K [0x00000000e0000000, 0x0000000100000000)
  region size 1024K, 16 young (16384K), 2 survivors (2048K)
 Metaspace       used 39366K, committed 39744K, reserved 1089536K
  class space    used 4866K, committed 5056K, reserved 1048576K
}
Event: 3.132 GC heap after
{Heap after GC invocations=12 (full 0):
 garbage-first heap   total 40960K, used 16895K [0x00000000e0000000, 0x0000000100000000)
  region size 1024K, 1 young (1024K), 1 survivors (1024K)
 Metaspace       used 39366K, committed 39744K, reserved 1089536K
  class space    used 4866K, committed 5056K, reserved 1048576K
}
Event: 3.150 GC heap before
{Heap before GC invocations=12 (full 0):
 garbage-first heap   total 40960K, used 17919K [0x00000000e0000000, 0x0000000100000000)
  region size 1024K, 2 young (2048K), 1 survivors (1024K)
 Metaspace       used 39592K, committed 39936K, reserved 1089536K
  class space    used 4908K, committed 5056K, reserved 1048576K
}
Event: 3.153 GC heap after
{Heap after GC invocations=13 (full 0):
 garbage-first heap   total 40960K, used 16970K [0x00000000e0000000, 0x0000000100000000)
  region size 1024K, 1 young (1024K), 1 survivors (1024K)
 Metaspace       used 39592K, committed 39936K, reserved 1089536K
  class space    used 4908K, committed 5056K, reserved 1048576K
}
Event: 3.550 GC heap before
{Heap before GC invocations=13 (full 0):
 garbage-first heap   total 40960K, used 30282K [0x00000000e0000000, 0x0000000100000000)
  region size 1024K, 15 young (15360K), 1 survivors (1024K)
 Metaspace       used 44020K, committed 44352K, reserved 1089536K
  class space    used 5542K, committed 5696K, reserved 1048576K
}

Deoptimization events (20 events):
Event: 3.417 Thread 0x000001e85fe87990 DEOPT PACKING pc=0x000001e8642eab6e sp=0x00000075849fa190
Event: 3.417 Thread 0x000001e85fe87990 DEOPT UNPACKING pc=0x000001e863592b43 sp=0x00000075849f95e8 mode 0
Event: 3.417 Thread 0x000001e85fe87990 DEOPT PACKING pc=0x000001e8642eab6e sp=0x00000075849fa170
Event: 3.417 Thread 0x000001e85fe87990 DEOPT UNPACKING pc=0x000001e863592b43 sp=0x00000075849f95c8 mode 0
Event: 3.417 Thread 0x000001e85fe87990 DEOPT PACKING pc=0x000001e8642eab6e sp=0x00000075849fa190
Event: 3.417 Thread 0x000001e85fe87990 DEOPT UNPACKING pc=0x000001e863592b43 sp=0x00000075849f95e8 mode 0
Event: 3.422 Thread 0x000001e85fe87990 Uncommon trap: trap_request=0xffffff45 fr.pc=0x000001e86b22eb00 relative=0x0000000000000960
Event: 3.422 Thread 0x000001e85fe87990 Uncommon trap: reason=unstable_if action=reinterpret pc=0x000001e86b22eb00 method=sun.security.provider.SHA2.implCompress0([BI)V @ 4 c2
Event: 3.422 Thread 0x000001e85fe87990 DEOPT PACKING pc=0x000001e86b22eb00 sp=0x00000075849fa460
Event: 3.422 Thread 0x000001e85fe87990 DEOPT UNPACKING pc=0x000001e8635923a3 sp=0x00000075849fa390 mode 2
Event: 3.464 Thread 0x000001e85fe87990 Uncommon trap: trap_request=0xffffff45 fr.pc=0x000001e86b068a04 relative=0x0000000000000084
Event: 3.464 Thread 0x000001e85fe87990 Uncommon trap: reason=unstable_if action=reinterpret pc=0x000001e86b068a04 method=java.lang.CharacterDataLatin1.isWhitespace(I)Z @ 14 c2
Event: 3.464 Thread 0x000001e85fe87990 DEOPT PACKING pc=0x000001e86b068a04 sp=0x00000075849fabd0
Event: 3.464 Thread 0x000001e85fe87990 DEOPT UNPACKING pc=0x000001e8635923a3 sp=0x00000075849fab40 mode 2
Event: 3.492 Thread 0x000001e85fe87990 DEOPT PACKING pc=0x000001e863f019e2 sp=0x00000075849fb210
Event: 3.492 Thread 0x000001e85fe87990 DEOPT UNPACKING pc=0x000001e863592b43 sp=0x00000075849fa6a0 mode 3
Event: 3.549 Thread 0x000001e85fe87990 Uncommon trap: trap_request=0xffffff45 fr.pc=0x000001e86b1f0bfc relative=0x00000000000007fc
Event: 3.549 Thread 0x000001e85fe87990 Uncommon trap: reason=unstable_if action=reinterpret pc=0x000001e86b1f0bfc method=jdk.internal.org.objectweb.asm.Frame.getAbstractTypeFromDescriptor(Ljdk/internal/org/objectweb/asm/SymbolTable;Ljava/lang/String;I)I @ 189 c2
Event: 3.549 Thread 0x000001e85fe87990 DEOPT PACKING pc=0x000001e86b1f0bfc sp=0x00000075849f9fc0
Event: 3.549 Thread 0x000001e85fe87990 DEOPT UNPACKING pc=0x000001e8635923a3 sp=0x00000075849f9f80 mode 2

Classes unloaded (0 events):
No events

Classes redefined (0 events):
No events

Internal exceptions (20 events):
Event: 2.779 Thread 0x000001e85fe87990 Exception <a 'java/lang/ClassNotFoundException'{0x00000000e1927500}: org/springframework/context/ResourceLoaderAwareCustomizer> (0x00000000e1927500) 
thrown [s\src\hotspot\share\classfile\systemDictionary.cpp, line 256]
Event: 2.780 Thread 0x000001e85fe87990 Exception <a 'java/lang/ClassNotFoundException'{0x00000000e1931388}: org/springframework/beans/factory/AwareCustomizer> (0x00000000e1931388) 
thrown [s\src\hotspot\share\classfile\systemDictionary.cpp, line 256]
Event: 2.780 Thread 0x000001e85fe87990 Exception <a 'java/lang/ClassNotFoundException'{0x00000000e193ab68}: org/springframework/context/weaving/LoadTimeWeaverAwareCustomizer> (0x00000000e193ab68) 
thrown [s\src\hotspot\share\classfile\systemDictionary.cpp, line 256]
Event: 2.781 Thread 0x000001e85fe87990 Exception <a 'java/lang/ClassNotFoundException'{0x00000000e1944ef8}: org/springframework/beans/factory/AwareCustomizer> (0x00000000e1944ef8) 
thrown [s\src\hotspot\share\classfile\systemDictionary.cpp, line 256]
Event: 2.781 Thread 0x000001e85fe87990 Exception <a 'java/lang/ClassNotFoundException'{0x00000000e194e5d8}: org/springframework/beans/factory/FactoryBeanCustomizer> (0x00000000e194e5d8) 
thrown [s\src\hotspot\share\classfile\systemDictionary.cpp, line 256]
Event: 2.783 Thread 0x000001e85fe87990 Exception <a 'java/lang/ClassNotFoundException'{0x00000000e195bfb0}: org/springframework/beans/factory/BeanClassLoaderAwareCustomizer> (0x00000000e195bfb0) 
thrown [s\src\hotspot\share\classfile\systemDictionary.cpp, line 256]
Event: 2.784 Thread 0x000001e85fe87990 Exception <a 'java/lang/ClassNotFoundException'{0x00000000e1965e60}: org/springframework/beans/factory/AwareCustomizer> (0x00000000e1965e60) 
thrown [s\src\hotspot\share\classfile\systemDictionary.cpp, line 256]
Event: 2.784 Thread 0x000001e85fe87990 Exception <a 'java/lang/ClassNotFoundException'{0x00000000e196f2f0}: org/springframework/beans/factory/BeanFactoryAwareCustomizer> (0x00000000e196f2f0) 
thrown [s\src\hotspot\share\classfile\systemDictionary.cpp, line 256]
Event: 2.785 Thread 0x000001e85fe87990 Exception <a 'java/lang/ClassNotFoundException'{0x00000000e1979840}: org/springframework/beans/factory/AwareCustomizer> (0x00000000e1979840) 
thrown [s\src\hotspot\share\classfile\systemDictionary.cpp, line 256]
Event: 2.786 Thread 0x000001e85fe87990 Exception <a 'java/lang/ClassNotFoundException'{0x00000000e1982c60}: org/springframework/beans/factory/BeanNameAwareCustomizer> (0x00000000e1982c60) 
thrown [s\src\hotspot\share\classfile\systemDictionary.cpp, line 256]
Event: 2.786 Thread 0x000001e85fe87990 Exception <a 'java/lang/ClassNotFoundException'{0x00000000e198ceb0}: org/springframework/beans/factory/AwareCustomizer> (0x00000000e198ceb0) 
thrown [s\src\hotspot\share\classfile\systemDictionary.cpp, line 256]
Event: 2.786 Thread 0x000001e85fe87990 Exception <a 'java/lang/ClassNotFoundException'{0x00000000e1996340}: org/springframework/beans/factory/InitializingBeanCustomizer> (0x00000000e1996340) 
thrown [s\src\hotspot\share\classfile\systemDictionary.cpp, line 256]
Event: 2.787 Thread 0x000001e85fe87990 Exception <a 'java/lang/ClassNotFoundException'{0x00000000e19a0258}: org/springframework/beans/factory/DisposableBeanCustomizer> (0x00000000e19a0258) 
thrown [s\src\hotspot\share\classfile\systemDictionary.cpp, line 256]
Event: 2.787 Thread 0x000001e85fe87990 Exception <a 'java/lang/ClassNotFoundException'{0x00000000e19aa590}: org/springframework/orm/jpa/EntityManagerFactoryInfoCustomizer> (0x00000000e19aa590) 
thrown [s\src\hotspot\share\classfile\systemDictionary.cpp, line 256]
Event: 2.788 Thread 0x000001e85fe87990 Exception <a 'java/lang/ClassNotFoundException'{0x00000000e19be840}: org/springframework/dao/support/PersistenceExceptionTranslatorCustomizer> (0x00000000e19be840) 
thrown [s\src\hotspot\share\classfile\systemDictionary.cpp, line 256]
Event: 3.093 Thread 0x000001e85fe87990 Exception <a 'java/lang/NoSuchMethodError'{0x00000000e1887178}: 'java.lang.Object java.lang.invoke.DirectMethodHandle$Holder.invokeStaticInit(java.lang.Object, int, int, int, int)'> (0x00000000e1887178) 
thrown [s\src\hotspot\share\interpreter\linkResolver.cpp, line 759]
Event: 3.134 Thread 0x000001e85fe87990 Exception <a 'java/lang/NoSuchMethodError'{0x00000000e7f22d70}: 'java.lang.Object java.lang.invoke.DirectMethodHandle$Holder.invokeStaticInit(java.lang.Object, java.lang.Object, int, int, int, int)'> (0x00000000e7f22d70) 
thrown [s\src\hotspot\share\interpreter\linkResolver.cpp, line 759]
Event: 3.376 Thread 0x000001e85fe87990 Exception <a 'sun/nio/fs/WindowsException'{0x00000000e1eb1ad8}> (0x00000000e1eb1ad8) 
thrown [s\src\hotspot\share\prims\jni.cpp, line 516]
Event: 3.422 Thread 0x000001e85fe87990 Implicit null exception at 0x000001e86b22e1e0 to 0x000001e86b22eae4
Event: 3.546 Thread 0x000001e85fe87990 Exception <a 'java/lang/NoSuchMethodError'{0x00000000e19a7598}: 'java.lang.Object java.lang.invoke.DirectMethodHandle$Holder.invokeStaticInit(java.lang.Object, java.lang.Object, java.lang.Object, java.lang.Object)'> (0x00000000e19a7598) 
thrown [s\src\hotspot\share\interpreter\linkResolver.cpp, line 759]

VM Operations (20 events):
Event: 2.820 Executing VM operation: CollectForMetadataAllocation done
Event: 2.833 Executing VM operation: G1Concurrent
Event: 2.848 Executing VM operation: G1Concurrent done
Event: 2.852 Executing VM operation: G1Concurrent
Event: 2.853 Executing VM operation: G1Concurrent done
Event: 2.890 Executing VM operation: HandshakeAllThreads
Event: 2.890 Executing VM operation: HandshakeAllThreads done
Event: 3.084 Executing VM operation: HandshakeAllThreads
Event: 3.084 Executing VM operation: HandshakeAllThreads done
Event: 3.130 Executing VM operation: G1CollectForAllocation
Event: 3.132 Executing VM operation: G1CollectForAllocation done
Event: 3.150 Executing VM operation: G1CollectForAllocation
Event: 3.153 Executing VM operation: G1CollectForAllocation done
Event: 3.364 Executing VM operation: HandshakeAllThreads
Event: 3.364 Executing VM operation: HandshakeAllThreads done
Event: 3.381 Executing VM operation: HandshakeAllThreads
Event: 3.381 Executing VM operation: HandshakeAllThreads done
Event: 3.381 Executing VM operation: HandshakeAllThreads
Event: 3.381 Executing VM operation: HandshakeAllThreads done
Event: 3.549 Executing VM operation: G1CollectForAllocation

Events (20 events):
Event: 3.490 loading class java/util/concurrent/ScheduledThreadPoolExecutor$ScheduledFutureTask done
Event: 3.490 loading class java/util/concurrent/Executors$RunnableAdapter
Event: 3.490 loading class java/util/concurrent/Executors$RunnableAdapter done
Event: 3.490 loading class java/util/concurrent/ThreadPoolExecutor$Worker
Event: 3.490 loading class java/util/concurrent/ThreadPoolExecutor$Worker done
Event: 3.490 loading class java/lang/Thread$State
Event: 3.490 loading class java/lang/Thread$State done
Event: 3.490 Thread 0x000001e8765aa1d0 Thread added: 0x000001e8765aa1d0
Event: 3.490 loading class java/util/concurrent/TimeUnit$1
Event: 3.491 loading class java/util/concurrent/TimeUnit$1 done
Event: 3.491 loading class java/util/concurrent/locks/AbstractQueuedSynchronizer$ConditionNode
Event: 3.491 loading class java/util/concurrent/ThreadPoolExecutor$DiscardOldestPolicy
Event: 3.491 loading class java/util/concurrent/locks/AbstractQueuedSynchronizer$Node
Event: 3.491 loading class java/util/concurrent/ThreadPoolExecutor$DiscardOldestPolicy done
Event: 3.491 loading class java/util/concurrent/locks/AbstractQueuedSynchronizer$Node done
Event: 3.491 loading class java/util/concurrent/locks/AbstractQueuedSynchronizer$ConditionNode done
Event: 3.491 loading class java/util/concurrent/ThreadPoolExecutor$CallerRunsPolicy
Event: 3.491 loading class java/util/concurrent/ThreadPoolExecutor$CallerRunsPolicy done
Event: 3.492 loading class java/util/concurrent/locks/AbstractQueuedSynchronizer$ExclusiveNode
Event: 3.492 loading class java/util/concurrent/locks/AbstractQueuedSynchronizer$ExclusiveNode done


Dynamic libraries:
0x00007ff7b01d0000 - 0x00007ff7b01de000 	C:\Users\dsrin\Downloads\sts-4.16.0.RELEASE\plugins\org.eclipse.justj.openjdk.hotspot.jre.full.win32.x86_64_17.0.4.v20220903-1038\jre\bin\javaw.exe
0x00007ff862a90000 - 0x00007ff862c88000 	C:\WINDOWS\SYSTEM32\ntdll.dll
0x00007ff862520000 - 0x00007ff8625dd000 	C:\WINDOWS\System32\KERNEL32.DLL
0x00007ff860260000 - 0x00007ff86052e000 	C:\WINDOWS\System32\KERNELBASE.dll
0x00007ff860730000 - 0x00007ff860830000 	C:\WINDOWS\System32\ucrtbase.dll
0x00007ff83bc30000 - 0x00007ff83bc49000 	C:\Users\dsrin\Downloads\sts-4.16.0.RELEASE\plugins\org.eclipse.justj.openjdk.hotspot.jre.full.win32.x86_64_17.0.4.v20220903-1038\jre\bin\VCRUNTIME140.dll
0x00007ff856a00000 - 0x00007ff856a18000 	C:\Users\dsrin\Downloads\sts-4.16.0.RELEASE\plugins\org.eclipse.justj.openjdk.hotspot.jre.full.win32.x86_64_17.0.4.v20220903-1038\jre\bin\jli.dll
0x00007ff8614d0000 - 0x00007ff861670000 	C:\WINDOWS\System32\USER32.dll
0x00007ff8605a0000 - 0x00007ff8605c2000 	C:\WINDOWS\System32\win32u.dll
0x00007ff837da0000 - 0x00007ff83803a000 	C:\WINDOWS\WinSxS\amd64_microsoft.windows.common-controls_6595b64144ccf1df_6.0.19041.1110_none_60b5254171f9507e\COMCTL32.dll
0x00007ff8627c0000 - 0x00007ff86285e000 	C:\WINDOWS\System32\msvcrt.dll
0x00007ff862440000 - 0x00007ff86246a000 	C:\WINDOWS\System32\GDI32.dll
0x00007ff860830000 - 0x00007ff86093b000 	C:\WINDOWS\System32\gdi32full.dll
0x00007ff860990000 - 0x00007ff860a2d000 	C:\WINDOWS\System32\msvcp_win.dll
0x00007ff861950000 - 0x00007ff861980000 	C:\WINDOWS\System32\IMM32.DLL
0x00007ff856880000 - 0x00007ff85688c000 	C:\Users\dsrin\Downloads\sts-4.16.0.RELEASE\plugins\org.eclipse.justj.openjdk.hotspot.jre.full.win32.x86_64_17.0.4.v20220903-1038\jre\bin\vcruntime140_1.dll
0x00007ff8306d0000 - 0x00007ff830761000 	C:\Users\dsrin\Downloads\sts-4.16.0.RELEASE\plugins\org.eclipse.justj.openjdk.hotspot.jre.full.win32.x86_64_17.0.4.v20220903-1038\jre\bin\msvcp140.dll
0x00007ff80f400000 - 0x00007ff810046000 	C:\Users\dsrin\Downloads\sts-4.16.0.RELEASE\plugins\org.eclipse.justj.openjdk.hotspot.jre.full.win32.x86_64_17.0.4.v20220903-1038\jre\bin\server\jvm.dll
0x00007ff862470000 - 0x00007ff86251e000 	C:\WINDOWS\System32\ADVAPI32.dll
0x00007ff8629b0000 - 0x00007ff862a4c000 	C:\WINDOWS\System32\sechost.dll
0x00007ff862860000 - 0x00007ff862985000 	C:\WINDOWS\System32\RPCRT4.dll
0x00007ff862650000 - 0x00007ff862658000 	C:\WINDOWS\System32\PSAPI.DLL
0x00007ff83c400000 - 0x00007ff83c409000 	C:\WINDOWS\SYSTEM32\WSOCK32.dll
0x00007ff83ddd0000 - 0x00007ff83ddf7000 	C:\WINDOWS\SYSTEM32\WINMM.dll
0x00007ff855fe0000 - 0x00007ff855fea000 	C:\WINDOWS\SYSTEM32\VERSION.dll
0x00007ff8618e0000 - 0x00007ff86194b000 	C:\WINDOWS\System32\WS2_32.dll
0x00007ff85ea30000 - 0x00007ff85ea42000 	C:\WINDOWS\SYSTEM32\kernel.appcore.dll
0x00007ff859030000 - 0x00007ff85903a000 	C:\Users\dsrin\Downloads\sts-4.16.0.RELEASE\plugins\org.eclipse.justj.openjdk.hotspot.jre.full.win32.x86_64_17.0.4.v20220903-1038\jre\bin\jimage.dll
0x00007ff85e820000 - 0x00007ff85ea04000 	C:\WINDOWS\SYSTEM32\DBGHELP.DLL
0x00007ff84c9b0000 - 0x00007ff84c9dc000 	C:\WINDOWS\SYSTEM32\dbgcore.DLL
0x00007ff860a30000 - 0x00007ff860ab2000 	C:\WINDOWS\System32\bcryptPrimitives.dll
0x00007ff856a20000 - 0x00007ff856a45000 	C:\Users\dsrin\Downloads\sts-4.16.0.RELEASE\plugins\org.eclipse.justj.openjdk.hotspot.jre.full.win32.x86_64_17.0.4.v20220903-1038\jre\bin\java.dll
0x00007ff856930000 - 0x00007ff856948000 	C:\Users\dsrin\Downloads\sts-4.16.0.RELEASE\plugins\org.eclipse.justj.openjdk.hotspot.jre.full.win32.x86_64_17.0.4.v20220903-1038\jre\bin\zip.dll
0x00007ff861980000 - 0x00007ff8620c3000 	C:\WINDOWS\System32\SHELL32.dll
0x00007ff85df40000 - 0x00007ff85e6d5000 	C:\WINDOWS\SYSTEM32\windows.storage.dll
0x00007ff8620e0000 - 0x00007ff862434000 	C:\WINDOWS\System32\combase.dll
0x00007ff85fb40000 - 0x00007ff85fb70000 	C:\WINDOWS\SYSTEM32\Wldp.dll
0x00007ff861080000 - 0x00007ff86112d000 	C:\WINDOWS\System32\SHCORE.dll
0x00007ff8613f0000 - 0x00007ff861445000 	C:\WINDOWS\System32\shlwapi.dll
0x00007ff8600f0000 - 0x00007ff86010f000 	C:\WINDOWS\SYSTEM32\profapi.dll
0x00007ff856e10000 - 0x00007ff856e29000 	C:\Users\dsrin\Downloads\sts-4.16.0.RELEASE\plugins\org.eclipse.justj.openjdk.hotspot.jre.full.win32.x86_64_17.0.4.v20220903-1038\jre\bin\net.dll
0x00007ff855170000 - 0x00007ff85527a000 	C:\WINDOWS\SYSTEM32\WINHTTP.dll
0x00007ff85f8a0000 - 0x00007ff85f90a000 	C:\WINDOWS\system32\mswsock.dll
0x00007ff83bc50000 - 0x00007ff83bc65000 	C:\Users\dsrin\Downloads\sts-4.16.0.RELEASE\plugins\org.eclipse.justj.openjdk.hotspot.jre.full.win32.x86_64_17.0.4.v20220903-1038\jre\bin\nio.dll
0x00007ff85f590000 - 0x00007ff85f5cb000 	C:\WINDOWS\SYSTEM32\IPHLPAPI.DLL
0x00007ff8625e0000 - 0x00007ff8625e8000 	C:\WINDOWS\System32\NSI.dll
0x00007ff8558f0000 - 0x00007ff855907000 	C:\WINDOWS\SYSTEM32\dhcpcsvc6.DLL
0x00007ff855820000 - 0x00007ff85583d000 	C:\WINDOWS\SYSTEM32\dhcpcsvc.DLL
0x00007ff85f5d0000 - 0x00007ff85f69a000 	C:\WINDOWS\SYSTEM32\DNSAPI.dll
0x00007ff856dc0000 - 0x00007ff856dd0000 	C:\Users\dsrin\Downloads\sts-4.16.0.RELEASE\plugins\org.eclipse.justj.openjdk.hotspot.jre.full.win32.x86_64_17.0.4.v20220903-1038\jre\bin\verify.dll
0x00007ff856720000 - 0x00007ff856729000 	C:\Users\dsrin\Downloads\sts-4.16.0.RELEASE\plugins\org.eclipse.justj.openjdk.hotspot.jre.full.win32.x86_64_17.0.4.v20220903-1038\jre\bin\management.dll
0x00007ff83bdb0000 - 0x00007ff83bdbb000 	C:\Users\dsrin\Downloads\sts-4.16.0.RELEASE\plugins\org.eclipse.justj.openjdk.hotspot.jre.full.win32.x86_64_17.0.4.v20220903-1038\jre\bin\management_ext.dll
0x00007ff837b80000 - 0x00007ff837b97000 	C:\WINDOWS\system32\napinsp.dll
0x00007ff8373f0000 - 0x00007ff83740b000 	C:\WINDOWS\system32\pnrpnsp.dll
0x00007ff85a600000 - 0x00007ff85a615000 	C:\WINDOWS\system32\wshbth.dll
0x00007ff85b2b0000 - 0x00007ff85b2cd000 	C:\WINDOWS\system32\NLAapi.dll
0x00007ff8306b0000 - 0x00007ff8306c2000 	C:\WINDOWS\System32\winrnr.dll
0x00007ff856cd0000 - 0x00007ff856cda000 	C:\Windows\System32\rasadhlp.dll
0x00007ff850540000 - 0x00007ff8505c0000 	C:\WINDOWS\System32\fwpuclnt.dll
0x00007ff860ac0000 - 0x00007ff860ae7000 	C:\WINDOWS\System32\bcrypt.dll
0x00007ff85faa0000 - 0x00007ff85fab8000 	C:\WINDOWS\SYSTEM32\CRYPTSP.dll
0x00007ff85f220000 - 0x00007ff85f254000 	C:\WINDOWS\system32\rsaenh.dll
0x00007ff860070000 - 0x00007ff86009e000 	C:\WINDOWS\SYSTEM32\USERENV.dll
0x00007ff85fa90000 - 0x00007ff85fa9c000 	C:\WINDOWS\SYSTEM32\CRYPTBASE.dll
0x00007ff8569f0000 - 0x00007ff8569fe000 	C:\Users\dsrin\Downloads\sts-4.16.0.RELEASE\plugins\org.eclipse.justj.openjdk.hotspot.jre.full.win32.x86_64_17.0.4.v20220903-1038\jre\bin\sunmscapi.dll
0x00007ff8605d0000 - 0x00007ff860726000 	C:\WINDOWS\System32\CRYPT32.dll
0x00007ff85fbb0000 - 0x00007ff85fbd7000 	C:\WINDOWS\SYSTEM32\ncrypt.dll
0x00007ff85fb70000 - 0x00007ff85fbab000 	C:\WINDOWS\SYSTEM32\NTASN1.dll

dbghelp: loaded successfully - version: 4.0.5 - missing functions: none
symbol engine: initialized successfully - sym options: 0x614 - pdb path: .;C:\Users\dsrin\Downloads\sts-4.16.0.RELEASE\plugins\org.eclipse.justj.openjdk.hotspot.jre.full.win32.x86_64_17.0.4.v20220903-1038\jre\bin;C:\WINDOWS\SYSTEM32;C:\WINDOWS\WinSxS\amd64_microsoft.windows.common-controls_6595b64144ccf1df_6.0.19041.1110_none_60b5254171f9507e;C:\Users\dsrin\Downloads\sts-4.16.0.RELEASE\plugins\org.eclipse.justj.openjdk.hotspot.jre.full.win32.x86_64_17.0.4.v20220903-1038\jre\bin\server

VM Arguments:
jvm_args: -ea -Dfile.encoding=UTF-8 -XX:+ShowCodeDetailsInExceptionMessages -Xmx512M 
java_command: org.eclipse.jdt.internal.junit.runner.RemoteTestRunner -version 3 -port 8358 -testLoaderClass org.eclipse.jdt.internal.junit5.runner.JUnit5TestLoader -loaderpluginname org.eclipse.jdt.junit5.runtime -classNames com.mario.gtest.service.BookReviewServiceImplTest
java_class_path (initial): F:\SPRINGTOOL\BookReviews\bin\main;F:\SPRINGTOOL\BookReviews\bin\test;\BookReviews\bin\default;C:\Users\dsrin\.gradle\caches\modules-2\files-2.1\org.projectlombok\lombok\1.18.24\13a394eed5c4f9efb2a6d956e2086f1d81e857d9\lombok-1.18.24.jar;C:\Users\dsrin\.gradle\caches\modules-2\files-2.1\org.springframework.boot\spring-boot-starter-data-jpa\2.7.5\b83184467079d5b808fb2f9fbc858b1804975808\spring-boot-starter-data-jpa-2.7.5.jar;C:\Users\dsrin\.gradle\caches\modules-2\files-2.1\org.springframework.boot\spring-boot-starter-web\2.7.5\bb4099d0466a62c3b11ab9323babca13bb430a2e\spring-boot-starter-web-2.7.5.jar;C:\Users\dsrin\.gradle\caches\modules-2\files-2.1\org.springframework.boot\spring-boot-starter-aop\2.7.5\ea4b85395faaa3a382f2a582e4bf023d088d320e\spring-boot-starter-aop-2.7.5.jar;C:\Users\dsrin\.gradle\caches\modules-2\files-2.1\org.springframework.boot\spring-boot-starter-jdbc\2.7.5\b57c3f8fb2fe235a8ff368755092371423bbc5b3\spring-boot-starter-jdbc-2.7.5.jar;C:\Users\dsrin\.gradle\caches\modules-2\files-2.1\jakarta.transaction\jakarta.transaction-api\1.3.3\c4179d48720a1e87202115fbed6089bdc4195405\jakarta.transaction-api-1.3.3.jar;C:\Users\dsrin\.gradle\caches\modules-2\files-2.1\jakarta.persistence\jakarta.persistence-api\2.2.3\8f6ea5daedc614f07a3654a455660145286f024e\jakarta.persistence-api-2.2.3.jar;C:\Users\dsrin\.gradle\caches\modules-2\files-2.1\org.hibernate\hibernate-core\5.6.12.Final\66720fe38bdb9515924d559b8aac7b522d7ae171\hibernate-core-5.6.12.Final.jar;C:\Users\dsrin\.gradle\caches\modules-2\files-2.1\org.springframework.data\spring-data-jpa\2.7.5\dc0bb497a33fcd3f82fe0ccfd674476d93889b3d\spring-data-jpa-2.7.5.jar;C:\Users\dsrin\.gradle\caches\modules-2\files-2.1\org.springframework\spring-aspects\5.3.23\35a0f5df4241f794fd79dd2447195ac055e88b8e\spring-aspects-5.3.23.jar;C:\Users\dsrin\.gradle\caches\modules-2\files-2.1\org.springframework.boot\spring-boot-starter-json\2.7.5\9c7df04ff37b2e7471632ddeb4a296c5fb6bddee\spring-boot-star
Launcher Type: SUN_STANDARD

[Global flags]
     intx CICompilerCount                          = 4                                         {product} {ergonomic}
     uint ConcGCThreads                            = 2                                         {product} {ergonomic}
     uint G1ConcRefinementThreads                  = 8                                         {product} {ergonomic}
   size_t G1HeapRegionSize                         = 1048576                                   {product} {ergonomic}
    uintx GCDrainStackTargetSize                   = 64                                        {product} {ergonomic}
   size_t InitialHeapSize                          = 134217728                                 {product} {ergonomic}
   size_t MarkStackSize                            = 4194304                                   {product} {ergonomic}
   size_t MaxHeapSize                              = 536870912                                 {product} {command line}
   size_t MaxNewSize                               = 321912832                                 {product} {ergonomic}
   size_t MinHeapDeltaBytes                        = 1048576                                   {product} {ergonomic}
   size_t MinHeapSize                              = 8388608                                   {product} {ergonomic}
    uintx NonNMethodCodeHeapSize                   = 5839372                                {pd product} {ergonomic}
    uintx NonProfiledCodeHeapSize                  = 122909434                              {pd product} {ergonomic}
    uintx ProfiledCodeHeapSize                     = 122909434                              {pd product} {ergonomic}
    uintx ReservedCodeCacheSize                    = 251658240                              {pd product} {ergonomic}
     bool SegmentedCodeCache                       = true                                      {product} {ergonomic}
     bool ShowCodeDetailsInExceptionMessages       = true                                   {manageable} {command line}
   size_t SoftMaxHeapSize                          = 536870912                              {manageable} {ergonomic}
     bool UseCompressedClassPointers               = true                           {product lp64_product} {ergonomic}
     bool UseCompressedOops                        = true                           {product lp64_product} {ergonomic}
     bool UseG1GC                                  = true                                      {product} {ergonomic}
     bool UseLargePagesIndividualAllocation        = false                                  {pd product} {ergonomic}

Logging:
Log output configuration:
 #0: stdout all=warning uptime,level,tags
 #1: stderr all=off uptime,level,tags

Environment Variables:
JAVA_HOME=C:\Program Files\Java\jdk1.8.0_301
_JAVA_OPTIONS=-Xmx512M
CLASSPATH=.;
PATH=C:/Users/dsrin/Downloads/sts-4.16.0.RELEASE//plugins/org.eclipse.justj.openjdk.hotspot.jre.full.win32.x86_64_17.0.4.v20220903-1038/jre/bin/server;C:/Users/dsrin/Downloads/sts-4.16.0.RELEASE//plugins/org.eclipse.justj.openjdk.hotspot.jre.full.win32.x86_64_17.0.4.v20220903-1038/jre/bin;C:\Program Files (x86)\Common Files\Oracle\Java\javapath;C:\WINDOWS\system32;C:\WINDOWS;C:\WINDOWS\System32\Wbem;C:\WINDOWS\System32\WindowsPowerShell\v1.0\;C:\WINDOWS\System32\OpenSSH\;C:\Program Files\Microsoft SQL Server\Client SDK\ODBC\130\Tools\Binn\;C:\Program Files (x86)\Microsoft SQL Server\140\Tools\Binn\;C:\Program Files\Microsoft SQL Server\140\Tools\Binn\;C:\Program Files\Microsoft SQL Server\140\DTS\Binn\;C:\Program Files (x86)\Microsoft SQL Server\150\DTS\Binn\;C:\Users\dsrin\AppData\Local\Programs\Python\Python38-32;C:\Users\dsrin\AppData\Local\Programs\Python\Python38-32\Scripts;C:\Program Files\Microsoft SQL Server\Client SDK\ODBC\170\Tools\Binn\;C:\Program Files (x86)\Microsoft SQL Server\150\Tools\Binn\;C:\Program Files\Microsoft SQL Server\150\Tools\Binn\;C:\Program Files\Microsoft SQL Server\150\DTS\Binn\;C:\Program Files\Azure Data Studio\bin;C:\Program Files\Java\jdk1.8.0_191\bin;C:\Program Files\MySQL\MySQL Shell 8.0\bin\;C:\Program Files\Java\jdk1.8.0_301\bin;C:\Users\dsrin\AppData\Local\Programs\Microsoft VS Code\bin;C:\Users\dsrin\Downloads\sts-4.16.0.RELEASE;
USERNAME=Hasse
OS=Windows_NT
PROCESSOR_IDENTIFIER=Intel64 Family 6 Model 142 Stepping 12, GenuineIntel
TMP=C:\Users\dsrin\AppData\Local\Temp
TEMP=C:\Users\dsrin\AppData\Local\Temp



---------------  S Y S T E M  ---------------

OS:
 Windows 10 , 64 bit Build 19041 (10.0.19041.1889)
OS uptime: 0 days 22:01 hours

CPU: total 8 (initial active 8) (4 cores per cpu, 2 threads per core) family 6 model 142 stepping 12 microcode 0xea, cx8, cmov, fxsr, ht, mmx, 3dnowpref, sse, sse2, sse3, ssse3, sse4.1, sse4.2, popcnt, lzcnt, tsc, tscinvbit, avx, avx2, aes, erms, clmul, bmi1, bmi2, adx, fma, vzeroupper, clflush, clflushopt

Memory: 4k page, system-wide physical 8072M (1019M free)
TotalPageFile size 9977M (AvailPageFile size 49M)
current process WorkingSet (physical memory assigned to process): 201M, peak: 201M
current process commit charge ("private bytes"): 233M, peak: 272M

vm_info: OpenJDK 64-Bit Server VM (17.0.4.1+1) for windows-amd64 JRE (17.0.4.1+1), built on Aug 17 2022 07:42:43 by "temurin" with MS VC++ 16.7 (VS2019)

END.
